#
# A fatal error has been detected by the Java Runtime Environment:
#
#  Internal Error (jvmciRuntime.cpp:1609), pid=30, tid=44
#  fatal error: Fatal exception in JVMCI: Error calling jdk.vm.ci.services.Services.serializeSavedProperties
#
# JRE version: OpenJDK Runtime Environment GraalVM CE 22.3.0 (17.0.5+8) (build 17.0.5+8-jvmci-22.3-b08)
# Java VM: OpenJDK 64-Bit Server VM GraalVM CE 22.3.0 (17.0.5+8-jvmci-22.3-b08, mixed mode, sharing, tiered, jvmci, jvmci compiler, compressed oops, compressed class ptrs, parallel gc, linux-amd64)
# Problematic frame:
# V  [libjvm.so+0x972714]  JVMCIRuntime::fatal_exception(JVMCIEnv*, char const*)+0x74
#
# Core dump will be written. Default location: Core dumps may be processed with "/usr/share/apport/apport -p%p -s%s -c%c -d%d -P%P -u%u -g%g -- %E" (or dumping to /home/runner/Arrays-Continued/core.30)
#
# If you would like to submit a bug report, please visit:
#   https://github.com/oracle/graal/issues
#

---------------  S U M M A R Y ------------

Command Line: -XX:ThreadPriorityPolicy=1 -XX:+UnlockExperimentalVMOptions -XX:+EnableJVMCIProduct -XX:JVMCIThreadsPerNativeLibraryRuntime=1 -XX:-UnlockExperimentalVMOptions -Declipse.application=org.eclipse.jdt.ls.core.id1 -Dosgi.bundles.defaultStartLevel=4 -Declipse.product=org.eclipse.jdt.ls.core.product -Dlog.level=ALL -Xverify:none -XX:+UseParallelGC -XX:GCTimeRatio=4 -XX:AdaptiveSizePolicyWeight=90 -Dsun.zip.disableMemoryMapping=true -Xmx512m -Xms100m /nix/store/m6gcpi1ii6rghy04cjwjddcavv7i90df-jdt-language-server-1.9.0/share/java/plugins/org.eclipse.equinox.launcher_1.6.400.v20210924-0641.jar --add-modules=ALL-SYSTEM --add-opens java.base/java.util=ALL-UNNAMED --add-opens java.base/java.lang=ALL-UNNAMED -configuration /home/runner/.cache/jdt-language-server/config -data /home/runner/.cache/jdt-language-server/data/home/runner/Arrays-Continued

Host: AMD EPYC 7B12, 8 cores, 1G, Ubuntu 20.04.2 LTS
Time: Mon Mar 13 17:13:53 2023 UTC elapsed time: 525.809323 seconds (0d 0h 8m 45s)

---------------  T H R E A D  ---------------

Current thread (0x00007faacc0b21e0):  JavaThread "JVMCI-native CompilerThread0" daemon [_thread_in_vm, id=44, stack(0x00007faab31b3000,0x00007faab33b3000)]


Current CompileTask:
JVMCI-native: 525809 11125       4       org.eclipse.jdt.core.dom.AST::modifying (19 bytes)

Stack: [0x00007faab31b3000,0x00007faab33b3000],  sp=0x00007faab33b1380,  free space=2040k
Native frames: (J=compiled Java code, j=interpreted, Vv=VM code, C=native code)
V  [libjvm.so+0x972714]  JVMCIRuntime::fatal_exception(JVMCIEnv*, char const*)+0x74
V  [libjvm.so+0x93e2fe]  JVMCIEnv::copy_saved_properties()+0x14e
V  [libjvm.so+0x9732a9]  JVMCIRuntime::initialize(JVMCIEnv*)+0xb19
V  [libjvm.so+0x9738a2]  JVMCIRuntime::get_HotSpotJVMCIRuntime(JVMCIEnv*)+0x12
V  [libjvm.so+0x9749f2]  JVMCIRuntime::compile_method(JVMCIEnv*, JVMCICompiler*, methodHandle const&, int)+0xd2
V  [libjvm.so+0x5b0d20]  CompileBroker::invoke_compiler_on_method(CompileTask*)+0x1470
V  [libjvm.so+0x5b12e8]  CompileBroker::compiler_thread_loop()+0x528
V  [libjvm.so+0xd82460]  JavaThread::thread_main_inner()+0xd0
V  [libjvm.so+0xd85a40]  Thread::call_run()+0xc0
V  [libjvm.so+0xbdb1e1]  thread_native_entry(Thread*)+0xe1

Register to memory mapping:

RAX=0x00007faad2eb0000 points into unknown readable memory: 0x0000000000000058 | 58 00 00 00 00 00 00 00
RBX=0x00007faad3fab398: <offset 0x0000000000ef5398> in /nix/store/gpxl5qgg8kicmcvivwmybwjlpf7wh20l-graalvm17-ce-22.3.0/lib/server/libjvm.so at 0x00007faad30b6000
RCX=0x00007faad3f631e8: <offset 0x0000000000ead1e8> in /nix/store/gpxl5qgg8kicmcvivwmybwjlpf7wh20l-graalvm17-ce-22.3.0/lib/server/libjvm.so at 0x00007faad30b6000
RDX=0x0000000000000649 is an unknown value
RSP=0x00007faab33b1380 is pointing into the stack for thread: 0x00007faacc0b21e0
RBP=0x00007faab33b13a0 is pointing into the stack for thread: 0x00007faacc0b21e0
RSI=0x00007faad3fabc48: <offset 0x0000000000ef5c48> in /nix/store/gpxl5qgg8kicmcvivwmybwjlpf7wh20l-graalvm17-ce-22.3.0/lib/server/libjvm.so at 0x00007faad30b6000
RDI=0x00000000e0000000 is an oop: java.lang.String 
{0x00000000e0000000} - klass: 'java/lang/String'
 - string: "resolution"
R8 =0x00007faad3fab398: <offset 0x0000000000ef5398> in /nix/store/gpxl5qgg8kicmcvivwmybwjlpf7wh20l-graalvm17-ce-22.3.0/lib/server/libjvm.so at 0x00007faad30b6000
R9 =0x0000000000000003 is an unknown value
R10=0x00007faad42fcda0: <offset 0x0000000001246da0> in /nix/store/gpxl5qgg8kicmcvivwmybwjlpf7wh20l-graalvm17-ce-22.3.0/lib/server/libjvm.so at 0x00007faad30b6000
R11=0x000000080044f048 is pointing into metadata
R12=0x0 is NULL
R13=0x00007faacc0b21e0 is a thread
R14=0x00007faacc000b80 points into unknown readable memory: 0x00007faad41dca38 | 38 ca 1d d4 aa 7f 00 00
R15=0x00007faad42eae40: <offset 0x0000000001234e40> in /nix/store/gpxl5qgg8kicmcvivwmybwjlpf7wh20l-graalvm17-ce-22.3.0/lib/server/libjvm.so at 0x00007faad30b6000


Registers:
RAX=0x00007faad2eb0000, RBX=0x00007faad3fab398, RCX=0x00007faad3f631e8, RDX=0x0000000000000649
RSP=0x00007faab33b1380, RBP=0x00007faab33b13a0, RSI=0x00007faad3fabc48, RDI=0x00000000e0000000
R8 =0x00007faad3fab398, R9 =0x0000000000000003, R10=0x00007faad42fcda0, R11=0x000000080044f048
R12=0x0000000000000000, R13=0x00007faacc0b21e0, R14=0x00007faacc000b80, R15=0x00007faad42eae40
RIP=0x00007faad3a28714, EFLAGS=0x0000000000010206, CSGSFS=0x002b000000000033, ERR=0x0000000000000006
  TRAPNO=0x000000000000000e

Top of Stack: (sp=0x00007faab33b1380)
0x00007faab33b1380:   00007faab33b1940 00007faacc0b21e0
0x00007faab33b1390:   00007faad18418c8 0000000800c417a0
0x00007faab33b13a0:   00007faab33b1500 00007faad39f42fe
0x00007faab33b13b0:   00007faab33b13e0 00007faab33b1440 

Instructions: (pc=0x00007faad3a28714)
0x00007faad3a28614:   30 e8 f6 cf e8 ff 4c 89 e7 e8 2e 48 d1 ff 84 db
0x00007faad3a28624:   75 2a 4d 85 ed 74 04 4d 8b 6d 00 48 83 c4 08 44
0x00007faad3a28634:   89 f9 4c 89 f2 4c 89 ee 5b 4c 89 e7 41 5c 41 5d
0x00007faad3a28644:   41 5e 41 5f 5d e9 e2 47 d1 ff 66 90 48 83 c4 08
0x00007faad3a28654:   5b 41 5c 41 5d 41 5e 41 5f 5d c3 90 31 d2 be 08
0x00007faad3a28664:   00 00 00 4c 89 ff e8 b1 78 a3 ff 49 89 c5 e9 37
0x00007faad3a28674:   ff ff ff 66 0f 1f 84 00 00 00 00 00 48 8b 7a 08
0x00007faad3a28684:   e9 6d ff ff ff 0f 1f 80 00 00 00 00 e8 5b 48 0a
0x00007faad3a28694:   00 84 c0 75 89 e9 6a ff ff ff 66 90 55 48 89 e5
0x00007faad3a286a4:   41 56 41 55 41 54 49 89 fc 53 48 89 f3 66 48 8d
0x00007faad3a286b4:   3d 27 5e 85 00 66 66 48 e8 df 43 8d ff 4c 8b 28
0x00007faad3a286c4:   8b 05 be 72 8a 00 85 c0 75 14 ba 01 00 00 00 48
0x00007faad3a286d4:   8d 0d ae 72 8a 00 f0 0f b1 11 85 c0 74 4e be c8
0x00007faad3a286e4:   00 00 00 4c 89 ef e8 01 0b 41 00 48 8d 05 12 ac
0x00007faad3a286f4:   85 00 49 89 d8 48 8d 0d e8 aa 53 00 ba 49 06 00
0x00007faad3a28704:   00 48 8d 35 3c 35 58 00 bf 00 00 00 e0 48 8b 00
0x00007faad3a28714:   c6 00 58 31 c0 e8 e2 91 c6 ff 5b 41 5c 41 5d 41
0x00007faad3a28724:   5e 5d e9 55 34 26 00 0f 1f 44 00 00 48 8d 05 81
0x00007faad3a28734:   a3 8b 00 48 89 df 4c 8b 30 e8 9e 43 8d ff 48 89
0x00007faad3a28744:   de 48 89 c2 49 8b 06 4c 89 f7 ff 50 08 4c 89 f7
0x00007faad3a28754:   e8 a7 5c 27 00 4d 85 e4 74 12 be 01 00 00 00 4c
0x00007faad3a28764:   89 e7 e8 35 43 fc ff eb 82 0f 1f 00 be 01 00 00
0x00007faad3a28774:   00 4c 89 ef e8 d3 fd ff ff e9 6d ff ff ff 66 66
0x00007faad3a28784:   2e 0f 1f 84 00 00 00 00 00 0f 1f 00 55 48 89 e5
0x00007faad3a28794:   41 57 41 56 41 55 41 54 53 48 81 ec 08 02 00 00
0x00007faad3a287a4:   64 48 8b 04 25 28 00 00 00 48 89 45 c8 8b 07 83
0x00007faad3a287b4:   f8 02 0f 84 11 04 00 00 4c 8b 6f 18 49 89 ff 49
0x00007faad3a287c4:   89 f4 4d 85 ed 74 14 4c 89 ef e8 5d 57 22 00 41
0x00007faad3a287d4:   8b 07 83 f8 02 0f 84 19 04 00 00 48 8d 1d 9a 06
0x00007faad3a287e4:   8a 00 4c 8d 35 0b 3c 58 00 eb 38 90 48 85 d2 7f
0x00007faad3a287f4:   0d 48 8d 05 b4 c0 85 00 48 83 38 00 7e 0e 41 8b
0x00007faad3a28804:   77 2c 4c 89 f7 31 c0 e8 a0 b2 f7 ff 49 8b 7f 18 


Stack slot to memory mapping:
stack at sp + 0 slots: 0x00007faab33b1940 is pointing into the stack for thread: 0x00007faacc0b21e0
stack at sp + 1 slots: 0x00007faacc0b21e0 is a thread
stack at sp + 2 slots: 0x00007faad18418c8 points into unknown readable memory: 0x65730018d19effff | ff ff 9e d1 18 00 73 65
stack at sp + 3 slots: 0x0000000800c417a0 is a pointer to class: 
jdk.vm.ci.services.Services {0x0000000800c417a0}
 - instance size:     2
 - klass size:        65
 - access:            public final synchronized 
 - state:             fully_initialized
 - name:              'jdk/vm/ci/services/Services'
 - super:             'java/lang/Object'
 - sub:               
 - arrays:            NULL
 - methods:           Array<T>(0x00007faad08468e8)
 - method ordering:   Array<T>(0x0000000800928960)
 - default_methods:   Array<T>(0x0000000000000000)
 - local interfaces:  Array<T>(0x00000008005ce810)
 - trans. interfaces: Array<T>(0x00000008005ce810)
 - constants:         constant pool [427] {0x00007faad0844958} for 'jdk/vm/ci/services/Services' cache=0x00007faad0848090
 - class loader data:  loader data: 0x00007faacc0283f0 of 'bootstrap'
 - source file:       'Services.java'
 - class annotations:       Array<T>(0x0000000000000000)
 - class type annotations:  Array<T>(0x0000000000000000)
 - field annotations:       Array<T>(0x0000000000000000)
 - field type annotations:  Array<T>(0x0000000000000000)
 - inner classes:     Array<T>(0x00007faad0847b88)
 - nest members:     Array<T>(0x00007faad0847ba8)
 - permitted subclasses:     Array<T>(0x00000008005ce7a0)
 - java mirror:       a 'java/lang/Class'{0x00000000e0148960} = 'jdk/vm/ci/services/Services'
 - vtable length      5  (start addr: 0x0000000800c41970)
 - itable length      2 (start addr: 0x0000000800c41998)
 - ---- static fields (3 words):
 - public static final 'IS_BUILDING_NATIVE_IMAGE' 'Z' @128 
 - public static final 'IS_IN_NATIVE_IMAGE' 'Z' @129 
 - private static volatile 'savedProperties' 'Ljava/util/Map;' @112 
 - static final 'JVMCI_ENABLED' 'Z' @130 
 - private static final 'servicesCache' 'Ljava/util/Map;' @116 
 - private static final 'MAX_UNICODE_IN_UTF8_LENGTH' 'I' @120 
 - private static final 'MAX_UTF8_PROPERTY_STRING_LENGTH' 'I' @124 
 - ---- non-static fields (0 words):
 - non-static oop maps: 
stack at sp + 4 slots: 0x00007faab33b1500 is pointing into the stack for thread: 0x00007faacc0b21e0
stack at sp + 5 slots: 0x00007faad39f42fe: <offset 0x000000000093e2fe> in /nix/store/gpxl5qgg8kicmcvivwmybwjlpf7wh20l-graalvm17-ce-22.3.0/lib/server/libjvm.so at 0x00007faad30b6000
stack at sp + 6 slots: 0x00007faab33b13e0 is pointing into the stack for thread: 0x00007faacc0b21e0
stack at sp + 7 slots: 0x00007faab33b1440 is pointing into the stack for thread: 0x00007faacc0b21e0


---------------  P R O C E S S  ---------------

Threads class SMR info:
_java_thread_list=0x00007faa1c000b70, length=28, elements={
0x00007faacc026690, 0x00007faacc0a64d0, 0x00007faacc0a7910, 0x00007faacc0ae050,
0x00007faacc0af400, 0x00007faacc0b07f0, 0x00007faacc0b21e0, 0x00007faacc0b36f0,
0x00007faacc0b4b40, 0x00007faacc0e7960, 0x00007faacc130170, 0x00007faacc363ff0,
0x00007faacc3978a0, 0x00007faacc399800, 0x00007faacc65ef90, 0x00007faa6801a7e0,
0x00007faa682a0b20, 0x00007faa68484a30, 0x00007faa685ef770, 0x00007faacc4cc370,
0x00007faacc675ca0, 0x00007faa50000ff0, 0x00007faa34000ff0, 0x00007faa38431810,
0x00007faa74005750, 0x00007faa40074a70, 0x00007faa08050960, 0x00007faa08050ee0
}

Java Threads: ( => current thread )
  0x00007faacc026690 JavaThread "main" [_thread_blocked, id=36, stack(0x00007faad2ed1000,0x00007faad2fd1000)]
  0x00007faacc0a64d0 JavaThread "Reference Handler" daemon [_thread_blocked, id=39, stack(0x00007faad05fe000,0x00007faad06fe000)]
  0x00007faacc0a7910 JavaThread "Finalizer" daemon [_thread_blocked, id=40, stack(0x00007faad04fe000,0x00007faad05fe000)]
  0x00007faacc0ae050 JavaThread "Signal Dispatcher" daemon [_thread_blocked, id=41, stack(0x00007faad0118000,0x00007faad0218000)]
  0x00007faacc0af400 JavaThread "Service Thread" daemon [_thread_blocked, id=42, stack(0x00007faad0018000,0x00007faad0118000)]
  0x00007faacc0b07f0 JavaThread "Monitor Deflation Thread" daemon [_thread_blocked, id=43, stack(0x00007faab33b3000,0x00007faab34b3000)]
=>0x00007faacc0b21e0 JavaThread "JVMCI-native CompilerThread0" daemon [_thread_in_vm, id=44, stack(0x00007faab31b3000,0x00007faab33b3000)]
  0x00007faacc0b36f0 JavaThread "C1 CompilerThread0" daemon [_thread_blocked, id=45, stack(0x00007faab2fb3000,0x00007faab31b3000)]
  0x00007faacc0b4b40 JavaThread "Sweeper thread" daemon [_thread_blocked, id=46, stack(0x00007faab2eb3000,0x00007faab2fb3000)]
  0x00007faacc0e7960 JavaThread "Common-Cleaner" daemon [_thread_blocked, id=47, stack(0x00007faab2db3000,0x00007faab2eb3000)]
  0x00007faacc130170 JavaThread "Notification Thread" daemon [_thread_blocked, id=48, stack(0x00007faab2cb3000,0x00007faab2db3000)]
  0x00007faacc363ff0 JavaThread "Active Thread: Equinox Container: 311e3928-bfaa-466f-bcce-83e5afe8909d" [_thread_blocked, id=62, stack(0x00007faab0700000,0x00007faab0800000)]
  0x00007faacc3978a0 JavaThread "Framework Event Dispatcher: Equinox Container: 311e3928-bfaa-466f-bcce-83e5afe8909d" daemon [_thread_blocked, id=63, stack(0x00007faab0500000,0x00007faab0600000)]
  0x00007faacc399800 JavaThread "Start Level: Equinox Container: 311e3928-bfaa-466f-bcce-83e5afe8909d" daemon [_thread_blocked, id=64, stack(0x00007faab0300000,0x00007faab0400000)]
  0x00007faacc65ef90 JavaThread "Refresh Thread: Equinox Container: 311e3928-bfaa-466f-bcce-83e5afe8909d" daemon [_thread_blocked, id=65, stack(0x00007faab0200000,0x00007faab0300000)]
  0x00007faa6801a7e0 JavaThread "SCR Component Actor" daemon [_thread_blocked, id=74, stack(0x00007faab0100000,0x00007faab0200000)]
  0x00007faa682a0b20 JavaThread "Worker-JM" [_thread_blocked, id=84, stack(0x00007faa7ab00000,0x00007faa7ac00000)]
  0x00007faa68484a30 JavaThread "Java indexing" daemon [_thread_blocked, id=87, stack(0x00007faa7a500000,0x00007faa7a600000)]
  0x00007faa685ef770 JavaThread "Bundle File Closer" daemon [_thread_blocked, id=96, stack(0x00007faa7a300000,0x00007faa7a400000)]
  0x00007faacc4cc370 JavaThread "pool-3-thread-1" [_thread_blocked, id=97, stack(0x00007faa7a100000,0x00007faa7a200000)]
  0x00007faacc675ca0 JavaThread "pool-2-thread-1" [_thread_blocked, id=98, stack(0x00007faa79f00000,0x00007faa7a000000)]
  0x00007faa50000ff0 JavaThread "Worker-2: Java indexing... " [_thread_blocked, id=99, stack(0x00007faa79d00000,0x00007faa79e00000)]
  0x00007faa34000ff0 JavaThread "Worker-3" [_thread_blocked, id=100, stack(0x00007faa79b00000,0x00007faa79c00000)]
  0x00007faa38431810 JavaThread "Okio Watchdog" daemon [_thread_blocked, id=174, stack(0x00007faa7aa00000,0x00007faa7ab00000)]
  0x00007faa74005750 JavaThread "Worker-7: Compacting resource model" [_thread_blocked, id=343, stack(0x00007faa7a200000,0x00007faa7a300000)]
  0x00007faa40074a70 JavaThread "Thread-18" [_thread_blocked, id=643, stack(0x00007faa7a700000,0x00007faa7a800000)]
  0x00007faa08050960 JavaThread "Worker-8" [_thread_blocked, id=669, stack(0x00007faa7a900000,0x00007faa7aa00000)]
  0x00007faa08050ee0 JavaThread "Worker-9: Publish Diagnostics" [_thread_blocked, id=800, stack(0x00007faa7a800000,0x00007faa7a900000)]

Other Threads:
  0x00007faacc0a1c10 VMThread "VM Thread" [stack: 0x00007faad0700000,0x00007faad0800000] [id=38] _threads_hazard_ptr=0x00007faa1c000b70
  0x00007faacc131b10 WatcherThread [stack: 0x00007faab2bb3000,0x00007faab2cb3000] [id=49]
  0x00007faacc03df30 GCTaskThread "GC Thread#0" [stack: 0x00007faad2a94000,0x00007faad2b94000] [id=37]

Threads with active compile tasks:
JVMCI-native CompilerThread0   525891 11125       4       org.eclipse.jdt.core.dom.AST::modifying (19 bytes)

VM state: synchronizing (normal execution)

VM Mutex/Monitor currently owned by a thread:  ([mutex/lock_event])
[0x00007faacc023840] Threads_lock - owner thread: 0x00007faacc0a1c10
[0x00007faacc023ff0] Heap_lock - owner thread: 0x00007faa08050ee0

OutOfMemory and StackOverflow Exception counts:
OutOfMemoryError java_heap_errors=2
LinkageErrors=72

Heap address: 0x00000000e0000000, size: 512 MB, Compressed Oops mode: 32-bit

CDS archive(s) mapped at: [0x0000000800000000-0x0000000800bc8000-0x0000000800bc8000), size 12353536, SharedBaseAddress: 0x0000000800000000, ArchiveRelocationMode: 0.
Compressed class space mapped at: 0x0000000800c00000-0x0000000840c00000, reserved size: 1073741824
Narrow klass base: 0x0000000800000000, Narrow klass shift: 0, Narrow klass range: 0x100000000

GC Precious Log:
 CPUs: 8 total, 1 available
 Memory: 1024M
 Large Page Support: Disabled
 NUMA Support: Disabled
 Compressed Oops: Enabled (32-bit)
 Alignments: Space 512K, Generation 512K, Heap 2M
 Heap Min Capacity: 100M
 Heap Initial Capacity: 100M
 Heap Max Capacity: 512M
 Pre-touch: Disabled
 Parallel Workers: 1

Heap:
 PSYoungGen      total 84480K, used 54783K [0x00000000f5580000, 0x00000000fc780000, 0x0000000100000000)
  eden space 54784K, 99% used [0x00000000f5580000,0x00000000f8affff0,0x00000000f8b00000)
  from space 29696K, 0% used [0x00000000fa900000,0x00000000fa900000,0x00000000fc600000)
  to   space 30208K, 0% used [0x00000000f8b00000,0x00000000f8b00000,0x00000000fa880000)
 ParOldGen       total 349696K, used 349695K [0x00000000e0000000, 0x00000000f5580000, 0x00000000f5580000)
  object space 349696K, 99% used [0x00000000e0000000,0x00000000f557fff8,0x00000000f5580000)
 Metaspace       used 63321K, committed 64384K, reserved 1114112K
  class space    used 6209K, committed 6720K, reserved 1048576K

Card table byte_map: [0x00007faad2b94000,0x00007faad2c95000] _byte_map_base: 0x00007faad2494000

Marking Bits: (ParMarkBitMap*) 0x00007faad42e44c0
 Begin Bits: [0x00007faad19e7000, 0x00007faad21e7000)
 End Bits:   [0x00007faad21e7000, 0x00007faad29e7000)

Polling page: 0x00007faad2eae000

Metaspace:

Usage:
  Non-class:     55.77 MB used.
      Class:      6.06 MB used.
       Both:     61.84 MB used.

Virtual space:
  Non-class space:       64.00 MB reserved,      56.31 MB ( 88%) committed,  8 nodes.
      Class space:        1.00 GB reserved,       6.56 MB ( <1%) committed,  1 nodes.
             Both:        1.06 GB reserved,      62.88 MB (  6%) committed. 

Chunk freelists:
   Non-Class:  2.84 MB
       Class:  1.52 MB
        Both:  4.37 MB

MaxMetaspaceSize: unlimited
CompressedClassSpaceSize: 1.00 GB
Initial GC threshold: 21.00 MB
Current GC threshold: 104.81 MB
CDS: on
MetaspaceReclaimPolicy: balanced
 - commit_granule_bytes: 65536.
 - commit_granule_words: 8192.
 - virtual_space_node_default_size: 1048576.
 - enlarge_chunks_in_place: 1.
 - new_chunks_are_fully_committed: 0.
 - uncommit_free_chunks: 1.
 - use_allocation_guard: 0.
 - handle_deallocations: 1.


Internal statistics:

num_allocs_failed_limit: 6.
num_arena_births: 512.
num_arena_deaths: 150.
num_vsnodes_births: 9.
num_vsnodes_deaths: 0.
num_space_committed: 1004.
num_space_uncommitted: 0.
num_chunks_returned_to_freelist: 218.
num_chunks_taken_from_freelist: 3054.
num_chunk_merges: 84.
num_chunk_splits: 1964.
num_chunks_enlarged: 1202.
num_purges: 22.
num_inconsistent_stats: 0.

CodeHeap 'non-profiled nmethods': size=120036Kb used=2819Kb max_used=2819Kb free=117217Kb
 bounds [0x00007faabaf7a000, 0x00007faabb24a000, 0x00007faac24b3000]
CodeHeap 'profiled nmethods': size=120032Kb used=18722Kb max_used=18722Kb free=101309Kb
 bounds [0x00007faab3a42000, 0x00007faab4c92000, 0x00007faabaf7a000]
CodeHeap 'non-nmethods': size=5692Kb used=1389Kb max_used=1404Kb free=4302Kb
 bounds [0x00007faab34b3000, 0x00007faab3723000, 0x00007faab3a42000]
 total_blobs=9138 nmethods=8409 adapters=635
 compilation: enabled
              stopped_count=0, restarted_count=0
 full_count=0

JVMCI Events (20 events):
Event: 345.020 Thread 0x00007faacc0b21e0 detached from JVMCI runtime 0
Event: 366.103 Thread 0x00007faacc0b21e0 attached to JVMCI runtime 0
Event: 366.105 Thread 0x00007faacc0b21e0 created JavaVM[2]@0x00007faa7939e340 for JVMCI runtime 0
Event: 366.105 Thread 0x00007faacc0b21e0 initializing JVMCI runtime 0
Event: 366.105 Thread 0x00007faacc0b21e0 done waiting for JavaVM references initialization in JVMCI runtime 0
Event: 427.218 Thread 0x00007faacc0b21e0 initialized JVMCI runtime 0
Event: 464.791 Thread 0x00007faacc0b21e0 compacted oop handles in JVMCI runtime 0 from 86 to 85
Event: 464.791 Thread 0x00007faacc0b21e0 compacted oop handles in JVMCI runtime 0 from 86 to 43
Event: 477.017 Thread 0x00007faacc0b21e0 compacted oop handles in JVMCI runtime 0 from 49 to 47
Event: 478.728 Thread 0x00007faacc0b21e0 detaching from JVMCI runtime 0: releasing idle compiler thread (0 other threads still attached)
Event: 478.728 Thread 0x00007faacc0b21e0 shutting down HotSpotJVMCIRuntime for JVMCI runtime 0
Event: 478.728 Thread 0x00007faacc0b21e0 shut down JVMCI runtime 0
Event: 480.313 Thread 0x00007faacc0b21e0 destroyed JavaVM[2]@0x00007faa7939e340 for JVMCI runtime 0
Event: 480.313 Thread 0x00007faacc0b21e0 compacted oop handles in JVMCI runtime 0 from 47 to 47
Event: 480.313 Thread 0x00007faacc0b21e0 releasing handles for JVMCI runtime 0: oop handles=47, metadata handles={total=156, live=150, blocks=30}
Event: 480.313 Thread 0x00007faacc0b21e0 detached from JVMCI runtime 0
Event: 501.495 Thread 0x00007faacc0b21e0 attached to JVMCI runtime 0
Event: 501.496 Thread 0x00007faacc0b21e0 created JavaVM[3]@0x00007faa7939e340 for JVMCI runtime 0
Event: 502.983 Thread 0x00007faacc0b21e0 initializing JVMCI runtime 0
Event: 502.983 Thread 0x00007faacc0b21e0 done waiting for JavaVM references initialization in JVMCI runtime 0

Compilation events (20 events):
Event: 343.357 Thread 0x00007faacc0b21e0 nmethod 11059 0x00007faabb236d90 code [0x00007faabb236f00, 0x00007faabb236fc0]
Event: 343.357 Thread 0x00007faacc0b21e0 11117       4       org.eclipse.jdt.core.compiler.CharOperation::indexOf (10 bytes)
Event: 343.372 Thread 0x00007faacc0b21e0 nmethod 11117 0x00007faabb237090 code [0x00007faabb237240, 0x00007faabb237680]
Event: 362.752 Thread 0x00007faacc0b36f0 11118       3       java.nio.HeapByteBuffer::getInt (29 bytes)
Event: 362.753 Thread 0x00007faacc0b36f0 nmethod 11118 0x00007faab4c85290 code [0x00007faab4c854e0, 0x00007faab4c85fe0]
Event: 366.103 Thread 0x00007faacc0b21e0 11119       4       org.eclipse.jdt.internal.core.NameLookup::seekTypesInWorkingCopies (427 bytes)
Event: 375.382 Thread 0x00007faacc0b36f0 11120       3       org.eclipse.jdt.internal.core.NameLookup::findType (17 bytes)
Event: 375.382 Thread 0x00007faacc0b36f0 nmethod 11120 0x00007faab4c86410 code [0x00007faab4c865c0, 0x00007faab4c86720]
Event: 389.682 Thread 0x00007faacc0b36f0 11121       3       java.util.concurrent.ThreadPoolExecutor::runStateAtLeast (11 bytes)
Event: 389.682 Thread 0x00007faacc0b36f0 nmethod 11121 0x00007faab4c86810 code [0x00007faab4c869a0, 0x00007faab4c86af0]
Event: 400.416 Thread 0x00007faacc0b36f0 11122       3       org.eclipse.jdt.internal.compiler.codegen.ConstantPool::literalIndexForLdc (690 bytes)
Event: 400.420 Thread 0x00007faacc0b36f0 nmethod 11122 0x00007faab4c86b90 code [0x00007faab4c86f60, 0x00007faab4c894a0]
Event: 447.561 Thread 0x00007faacc0b21e0 nmethod 11119 0x00007faabb237990 code [0x00007faabb237b60, 0x00007faabb238550]
Event: 447.561 Thread 0x00007faacc0b21e0 11124 %     4       java.io.DataOutputStream::writeUTF @ 187 (411 bytes)
Event: 464.791 Thread 0x00007faacc0b21e0 nmethod 11124% 0x00007faabb238b90 code [0x00007faabb238d60, 0x00007faabb239ac0]
Event: 464.791 Thread 0x00007faacc0b21e0 11123       4       java.lang.AbstractStringBuilder::append (55 bytes)
Event: 477.017 Thread 0x00007faacc0b21e0 nmethod 11123 0x00007faabb23a090 code [0x00007faabb23a220, 0x00007faabb23a8f8]
Event: 501.495 Thread 0x00007faacc0b21e0 11125       4       org.eclipse.jdt.core.dom.AST::modifying (19 bytes)
Event: 510.412 Thread 0x00007faacc0b36f0 11126       3       java.util.concurrent.locks.AbstractQueuedSynchronizer::acquire (20 bytes)
Event: 512.059 Thread 0x00007faacc0b36f0 nmethod 11126 0x00007faab4c8a210 code [0x00007faab4c8a3c0, 0x00007faab4c8a790]

GC Heap History (20 events):
Event: 510.412 GC heap before
{Heap before GC invocations=379 (full 262):
 PSYoungGen      total 84480K, used 54783K [0x00000000f5580000, 0x00000000fc780000, 0x0000000100000000)
  eden space 54784K, 99% used [0x00000000f5580000,0x00000000f8affff0,0x00000000f8b00000)
  from space 29696K, 0% used [0x00000000fa900000,0x00000000fa900000,0x00000000fc600000)
  to   space 30208K, 0% used [0x00000000f8b00000,0x00000000f8b00000,0x00000000fa880000)
 ParOldGen       total 349696K, used 349695K [0x00000000e0000000, 0x00000000f5580000, 0x00000000f5580000)
  object space 349696K, 99% used [0x00000000e0000000,0x00000000f557fc00,0x00000000f5580000)
 Metaspace       used 63321K, committed 64384K, reserved 1114112K
  class space    used 6209K, committed 6720K, reserved 1048576K
}
Event: 512.059 GC heap after
{Heap after GC invocations=379 (full 262):
 PSYoungGen      total 84992K, used 54783K [0x00000000f5580000, 0x00000000fc780000, 0x0000000100000000)
  eden space 54784K, 99% used [0x00000000f5580000,0x00000000f8afffb0,0x00000000f8b00000)
  from space 30208K, 0% used [0x00000000f8b00000,0x00000000f8b00000,0x00000000fa880000)
  to   space 29696K, 0% used [0x00000000fa900000,0x00000000fa900000,0x00000000fc600000)
 ParOldGen       total 349696K, used 349695K [0x00000000e0000000, 0x00000000f5580000, 0x00000000f5580000)
  object space 349696K, 99% used [0x00000000e0000000,0x00000000f557fc00,0x00000000f5580000)
 Metaspace       used 63321K, committed 64384K, reserved 1114112K
  class space    used 6209K, committed 6720K, reserved 1048576K
}
Event: 512.069 GC heap before
{Heap before GC invocations=380 (full 263):
 PSYoungGen      total 84992K, used 54783K [0x00000000f5580000, 0x00000000fc780000, 0x0000000100000000)
  eden space 54784K, 99% used [0x00000000f5580000,0x00000000f8affff0,0x00000000f8b00000)
  from space 30208K, 0% used [0x00000000f8b00000,0x00000000f8b00000,0x00000000fa880000)
  to   space 29696K, 0% used [0x00000000fa900000,0x00000000fa900000,0x00000000fc600000)
 ParOldGen       total 349696K, used 349695K [0x00000000e0000000, 0x00000000f5580000, 0x00000000f5580000)
  object space 349696K, 99% used [0x00000000e0000000,0x00000000f557fc00,0x00000000f5580000)
 Metaspace       used 63321K, committed 64384K, reserved 1114112K
  class space    used 6209K, committed 6720K, reserved 1048576K
}
Event: 513.719 GC heap after
{Heap after GC invocations=380 (full 263):
 PSYoungGen      total 84480K, used 54783K [0x00000000f5580000, 0x00000000fc780000, 0x0000000100000000)
  eden space 54784K, 99% used [0x00000000f5580000,0x00000000f8afffd0,0x00000000f8b00000)
  from space 29696K, 0% used [0x00000000fa900000,0x00000000fa900000,0x00000000fc600000)
  to   space 30208K, 0% used [0x00000000f8b00000,0x00000000f8b00000,0x00000000fa880000)
 ParOldGen       total 349696K, used 349695K [0x00000000e0000000, 0x00000000f5580000, 0x00000000f5580000)
  object space 349696K, 99% used [0x00000000e0000000,0x00000000f557fc00,0x00000000f5580000)
 Metaspace       used 63321K, committed 64384K, reserved 1114112K
  class space    used 6209K, committed 6720K, reserved 1048576K
}
Event: 513.719 GC heap before
{Heap before GC invocations=381 (full 264):
 PSYoungGen      total 84480K, used 54783K [0x00000000f5580000, 0x00000000fc780000, 0x0000000100000000)
  eden space 54784K, 99% used [0x00000000f5580000,0x00000000f8affff0,0x00000000f8b00000)
  from space 29696K, 0% used [0x00000000fa900000,0x00000000fa900000,0x00000000fc600000)
  to   space 30208K, 0% used [0x00000000f8b00000,0x00000000f8b00000,0x00000000fa880000)
 ParOldGen       total 349696K, used 349695K [0x00000000e0000000, 0x00000000f5580000, 0x00000000f5580000)
  object space 349696K, 99% used [0x00000000e0000000,0x00000000f557fc00,0x00000000f5580000)
 Metaspace       used 63321K, committed 64384K, reserved 1114112K
  class space    used 6209K, committed 6720K, reserved 1048576K
}
Event: 515.342 GC heap after
{Heap after GC invocations=381 (full 264):
 PSYoungGen      total 84992K, used 54783K [0x00000000f5580000, 0x00000000fc780000, 0x0000000100000000)
  eden space 54784K, 99% used [0x00000000f5580000,0x00000000f8afffd0,0x00000000f8b00000)
  from space 30208K, 0% used [0x00000000f8b00000,0x00000000f8b00000,0x00000000fa880000)
  to   space 29696K, 0% used [0x00000000fa900000,0x00000000fa900000,0x00000000fc600000)
 ParOldGen       total 349696K, used 349695K [0x00000000e0000000, 0x00000000f5580000, 0x00000000f5580000)
  object space 349696K, 99% used [0x00000000e0000000,0x00000000f557fc00,0x00000000f5580000)
 Metaspace       used 63321K, committed 64384K, reserved 1114112K
  class space    used 6209K, committed 6720K, reserved 1048576K
}
Event: 515.342 GC heap before
{Heap before GC invocations=382 (full 265):
 PSYoungGen      total 84992K, used 54783K [0x00000000f5580000, 0x00000000fc780000, 0x0000000100000000)
  eden space 54784K, 99% used [0x00000000f5580000,0x00000000f8affff0,0x00000000f8b00000)
  from space 30208K, 0% used [0x00000000f8b00000,0x00000000f8b00000,0x00000000fa880000)
  to   space 29696K, 0% used [0x00000000fa900000,0x00000000fa900000,0x00000000fc600000)
 ParOldGen       total 349696K, used 349695K [0x00000000e0000000, 0x00000000f5580000, 0x00000000f5580000)
  object space 349696K, 99% used [0x00000000e0000000,0x00000000f557fc00,0x00000000f5580000)
 Metaspace       used 63321K, committed 64384K, reserved 1114112K
  class space    used 6209K, committed 6720K, reserved 1048576K
}
Event: 516.940 GC heap after
{Heap after GC invocations=382 (full 265):
 PSYoungGen      total 84480K, used 54783K [0x00000000f5580000, 0x00000000fc780000, 0x0000000100000000)
  eden space 54784K, 99% used [0x00000000f5580000,0x00000000f8affff0,0x00000000f8b00000)
  from space 29696K, 0% used [0x00000000fa900000,0x00000000fa900000,0x00000000fc600000)
  to   space 30208K, 0% used [0x00000000f8b00000,0x00000000f8b00000,0x00000000fa880000)
 ParOldGen       total 349696K, used 349695K [0x00000000e0000000, 0x00000000f5580000, 0x00000000f5580000)
  object space 349696K, 99% used [0x00000000e0000000,0x00000000f557fc00,0x00000000f5580000)
 Metaspace       used 63321K, committed 64384K, reserved 1114112K
  class space    used 6209K, committed 6720K, reserved 1048576K
}
Event: 516.940 GC heap before
{Heap before GC invocations=383 (full 266):
 PSYoungGen      total 84480K, used 54783K [0x00000000f5580000, 0x00000000fc780000, 0x0000000100000000)
  eden space 54784K, 99% used [0x00000000f5580000,0x00000000f8affff0,0x00000000f8b00000)
  from space 29696K, 0% used [0x00000000fa900000,0x00000000fa900000,0x00000000fc600000)
  to   space 30208K, 0% used [0x00000000f8b00000,0x00000000f8b00000,0x00000000fa880000)
 ParOldGen       total 349696K, used 349695K [0x00000000e0000000, 0x00000000f5580000, 0x00000000f5580000)
  object space 349696K, 99% used [0x00000000e0000000,0x00000000f557fff8,0x00000000f5580000)
 Metaspace       used 63321K, committed 64384K, reserved 1114112K
  class space    used 6209K, committed 6720K, reserved 1048576K
}
Event: 518.691 GC heap after
{Heap after GC invocations=383 (full 266):
 PSYoungGen      total 84992K, used 54783K [0x00000000f5580000, 0x00000000fc780000, 0x0000000100000000)
  eden space 54784K, 99% used [0x00000000f5580000,0x00000000f8afffd0,0x00000000f8b00000)
  from space 30208K, 0% used [0x00000000f8b00000,0x00000000f8b00000,0x00000000fa880000)
  to   space 29696K, 0% used [0x00000000fa900000,0x00000000fa900000,0x00000000fc600000)
 ParOldGen       total 349696K, used 349695K [0x00000000e0000000, 0x00000000f5580000, 0x00000000f5580000)
  object space 349696K, 99% used [0x00000000e0000000,0x00000000f557fff8,0x00000000f5580000)
 Metaspace       used 63321K, committed 64384K, reserved 1114112K
  class space    used 6209K, committed 6720K, reserved 1048576K
}
Event: 518.691 GC heap before
{Heap before GC invocations=384 (full 267):
 PSYoungGen      total 84992K, used 54783K [0x00000000f5580000, 0x00000000fc780000, 0x0000000100000000)
  eden space 54784K, 99% used [0x00000000f5580000,0x00000000f8affff0,0x00000000f8b00000)
  from space 30208K, 0% used [0x00000000f8b00000,0x00000000f8b00000,0x00000000fa880000)
  to   space 29696K, 0% used [0x00000000fa900000,0x00000000fa900000,0x00000000fc600000)
 ParOldGen       total 349696K, used 349695K [0x00000000e0000000, 0x00000000f5580000, 0x00000000f5580000)
  object space 349696K, 99% used [0x00000000e0000000,0x00000000f557fff8,0x00000000f5580000)
 Metaspace       used 63321K, committed 64384K, reserved 1114112K
  class space    used 6209K, committed 6720K, reserved 1048576K
}
Event: 520.027 GC heap after
{Heap after GC invocations=384 (full 267):
 PSYoungGen      total 84480K, used 54783K [0x00000000f5580000, 0x00000000fc780000, 0x0000000100000000)
  eden space 54784K, 99% used [0x00000000f5580000,0x00000000f8affff0,0x00000000f8b00000)
  from space 29696K, 0% used [0x00000000fa900000,0x00000000fa900000,0x00000000fc600000)
  to   space 30208K, 0% used [0x00000000f8b00000,0x00000000f8b00000,0x00000000fa880000)
 ParOldGen       total 349696K, used 349695K [0x00000000e0000000, 0x00000000f5580000, 0x00000000f5580000)
  object space 349696K, 99% used [0x00000000e0000000,0x00000000f557ffd8,0x00000000f5580000)
 Metaspace       used 63321K, committed 64384K, reserved 1114112K
  class space    used 6209K, committed 6720K, reserved 1048576K
}
Event: 520.027 GC heap before
{Heap before GC invocations=385 (full 268):
 PSYoungGen      total 84480K, used 54783K [0x00000000f5580000, 0x00000000fc780000, 0x0000000100000000)
  eden space 54784K, 99% used [0x00000000f5580000,0x00000000f8affff0,0x00000000f8b00000)
  from space 29696K, 0% used [0x00000000fa900000,0x00000000fa900000,0x00000000fc600000)
  to   space 30208K, 0% used [0x00000000f8b00000,0x00000000f8b00000,0x00000000fa880000)
 ParOldGen       total 349696K, used 349695K [0x00000000e0000000, 0x00000000f5580000, 0x00000000f5580000)
  object space 349696K, 99% used [0x00000000e0000000,0x00000000f557fff8,0x00000000f5580000)
 Metaspace       used 63321K, committed 64384K, reserved 1114112K
  class space    used 6209K, committed 6720K, reserved 1048576K
}
Event: 521.489 GC heap after
{Heap after GC invocations=385 (full 268):
 PSYoungGen      total 84992K, used 54783K [0x00000000f5580000, 0x00000000fc780000, 0x0000000100000000)
  eden space 54784K, 99% used [0x00000000f5580000,0x00000000f8affff0,0x00000000f8b00000)
  from space 30208K, 0% used [0x00000000f8b00000,0x00000000f8b00000,0x00000000fa880000)
  to   space 29696K, 0% used [0x00000000fa900000,0x00000000fa900000,0x00000000fc600000)
 ParOldGen       total 349696K, used 349695K [0x00000000e0000000, 0x00000000f5580000, 0x00000000f5580000)
  object space 349696K, 99% used [0x00000000e0000000,0x00000000f557fff8,0x00000000f5580000)
 Metaspace       used 63321K, committed 64384K, reserved 1114112K
  class space    used 6209K, committed 6720K, reserved 1048576K
}
Event: 521.489 GC heap before
{Heap before GC invocations=386 (full 269):
 PSYoungGen      total 84992K, used 54783K [0x00000000f5580000, 0x00000000fc780000, 0x0000000100000000)
  eden space 54784K, 99% used [0x00000000f5580000,0x00000000f8affff0,0x00000000f8b00000)
  from space 30208K, 0% used [0x00000000f8b00000,0x00000000f8b00000,0x00000000fa880000)
  to   space 29696K, 0% used [0x00000000fa900000,0x00000000fa900000,0x00000000fc600000)
 ParOldGen       total 349696K, used 349695K [0x00000000e0000000, 0x00000000f5580000, 0x00000000f5580000)
  object space 349696K, 99% used [0x00000000e0000000,0x00000000f557fff8,0x00000000f5580000)
 Metaspace       used 63321K, committed 64384K, reserved 1114112K
  class space    used 6209K, committed 6720K, reserved 1048576K
}
Event: 522.823 GC heap after
{Heap after GC invocations=386 (full 269):
 PSYoungGen      total 84480K, used 54783K [0x00000000f5580000, 0x00000000fc780000, 0x0000000100000000)
  eden space 54784K, 99% used [0x00000000f5580000,0x00000000f8affff0,0x00000000f8b00000)
  from space 29696K, 0% used [0x00000000fa900000,0x00000000fa900000,0x00000000fc600000)
  to   space 30208K, 0% used [0x00000000f8b00000,0x00000000f8b00000,0x00000000fa880000)
 ParOldGen       total 349696K, used 349695K [0x00000000e0000000, 0x00000000f5580000, 0x00000000f5580000)
  object space 349696K, 99% used [0x00000000e0000000,0x00000000f557fff8,0x00000000f5580000)
 Metaspace       used 63321K, committed 64384K, reserved 1114112K
  class space    used 6209K, committed 6720K, reserved 1048576K
}
Event: 522.823 GC heap before
{Heap before GC invocations=387 (full 270):
 PSYoungGen      total 84480K, used 54783K [0x00000000f5580000, 0x00000000fc780000, 0x0000000100000000)
  eden space 54784K, 99% used [0x00000000f5580000,0x00000000f8affff0,0x00000000f8b00000)
  from space 29696K, 0% used [0x00000000fa900000,0x00000000fa900000,0x00000000fc600000)
  to   space 30208K, 0% used [0x00000000f8b00000,0x00000000f8b00000,0x00000000fa880000)
 ParOldGen       total 349696K, used 349695K [0x00000000e0000000, 0x00000000f5580000, 0x00000000f5580000)
  object space 349696K, 99% used [0x00000000e0000000,0x00000000f557fff8,0x00000000f5580000)
 Metaspace       used 63321K, committed 64384K, reserved 1114112K
  class space    used 6209K, committed 6720K, reserved 1048576K
}
Event: 524.307 GC heap after
{Heap after GC invocations=387 (full 270):
 PSYoungGen      total 84992K, used 54783K [0x00000000f5580000, 0x00000000fc780000, 0x0000000100000000)
  eden space 54784K, 99% used [0x00000000f5580000,0x00000000f8afffb0,0x00000000f8b00000)
  from space 30208K, 0% used [0x00000000f8b00000,0x00000000f8b00000,0x00000000fa880000)
  to   space 29696K, 0% used [0x00000000fa900000,0x00000000fa900000,0x00000000fc600000)
 ParOldGen       total 349696K, used 349695K [0x00000000e0000000, 0x00000000f5580000, 0x00000000f5580000)
  object space 349696K, 99% used [0x00000000e0000000,0x00000000f557fff8,0x00000000f5580000)
 Metaspace       used 63321K, committed 64384K, reserved 1114112K
  class space    used 6209K, committed 6720K, reserved 1048576K
}
Event: 524.307 GC heap before
{Heap before GC invocations=388 (full 271):
 PSYoungGen      total 84992K, used 54783K [0x00000000f5580000, 0x00000000fc780000, 0x0000000100000000)
  eden space 54784K, 99% used [0x00000000f5580000,0x00000000f8afffb0,0x00000000f8b00000)
  from space 30208K, 0% used [0x00000000f8b00000,0x00000000f8b00000,0x00000000fa880000)
  to   space 29696K, 0% used [0x00000000fa900000,0x00000000fa900000,0x00000000fc600000)
 ParOldGen       total 349696K, used 349695K [0x00000000e0000000, 0x00000000f5580000, 0x00000000f5580000)
  object space 349696K, 99% used [0x00000000e0000000,0x00000000f557fff8,0x00000000f5580000)
 Metaspace       used 63321K, committed 64384K, reserved 1114112K
  class space    used 6209K, committed 6720K, reserved 1048576K
}
Event: 525.801 GC heap after
{Heap after GC invocations=388 (full 271):
 PSYoungGen      total 84480K, used 54783K [0x00000000f5580000, 0x00000000fc780000, 0x0000000100000000)
  eden space 54784K, 99% used [0x00000000f5580000,0x00000000f8afffb0,0x00000000f8b00000)
  from space 29696K, 0% used [0x00000000fa900000,0x00000000fa900000,0x00000000fc600000)
  to   space 30208K, 0% used [0x00000000f8b00000,0x00000000f8b00000,0x00000000fa880000)
 ParOldGen       total 349696K, used 349695K [0x00000000e0000000, 0x00000000f5580000, 0x00000000f5580000)
  object space 349696K, 99% used [0x00000000e0000000,0x00000000f557fff8,0x00000000f5580000)
 Metaspace       used 63321K, committed 64384K, reserved 1114112K
  class space    used 6209K, committed 6720K, reserved 1048576K
}

Dll operation events (9 events):
Event: 0.002 Loaded shared library /nix/store/gpxl5qgg8kicmcvivwmybwjlpf7wh20l-graalvm17-ce-22.3.0/lib/libjava.so
Event: 0.007 Loaded shared library /nix/store/gpxl5qgg8kicmcvivwmybwjlpf7wh20l-graalvm17-ce-22.3.0/lib/libjsvml.so
Event: 0.191 Loaded shared library /nix/store/gpxl5qgg8kicmcvivwmybwjlpf7wh20l-graalvm17-ce-22.3.0/lib/libnio.so
Event: 0.194 Loaded shared library /nix/store/gpxl5qgg8kicmcvivwmybwjlpf7wh20l-graalvm17-ce-22.3.0/lib/libzip.so
Event: 0.197 Loaded shared library /nix/store/gpxl5qgg8kicmcvivwmybwjlpf7wh20l-graalvm17-ce-22.3.0/lib/libjvmcicompiler.so
Event: 0.505 Loaded shared library /nix/store/gpxl5qgg8kicmcvivwmybwjlpf7wh20l-graalvm17-ce-22.3.0/lib/libjimage.so
Event: 0.998 Loaded shared library /nix/store/gpxl5qgg8kicmcvivwmybwjlpf7wh20l-graalvm17-ce-22.3.0/lib/libnet.so
Event: 4.451 Loaded shared library /home/runner/.cache/jdt-language-server/config/org.eclipse.equinox.launcher/org.eclipse.equinox.launcher.gtk.linux.x86_64_1.2.400.v20211117-0650/eclipse_11600.so
Event: 12.598 Loaded shared library /nix/store/gpxl5qgg8kicmcvivwmybwjlpf7wh20l-graalvm17-ce-22.3.0/lib/libextnet.so

Deoptimization events (20 events):
Event: 80.440 Thread 0x00007faa500e7e80 DEOPT PACKING pc=0x00007faab497f859 sp=0x00007faa79efda90
Event: 80.440 Thread 0x00007faa500e7e80 DEOPT UNPACKING pc=0x00007faab3505325 sp=0x00007faa79efcf40 mode 0
Event: 83.982 Thread 0x00007faa4c0010d0 DEOPT PACKING pc=0x00007faab4896c1e sp=0x00007faa7a7fcfd0
Event: 83.982 Thread 0x00007faa4c0010d0 DEOPT UNPACKING pc=0x00007faab3505325 sp=0x00007faa7a7fc498 mode 0
Event: 85.802 Thread 0x00007faa4c0010d0 DEOPT PACKING pc=0x00007faab497f859 sp=0x00007faa7a7fd9c0
Event: 85.802 Thread 0x00007faa4c0010d0 DEOPT UNPACKING pc=0x00007faab3505325 sp=0x00007faa7a7fce70 mode 0
Event: 89.314 Thread 0x00007faa400f6300 DEOPT PACKING pc=0x00007faab4a4b366 sp=0x00007faa79cfdea0
Event: 89.314 Thread 0x00007faa400f6300 DEOPT UNPACKING pc=0x00007faab3505325 sp=0x00007faa79cfd358 mode 0
Event: 157.181 Thread 0x00007faa74005750 DEOPT PACKING pc=0x00007faab4a62ec8 sp=0x00007faa7a2fe2a0
Event: 157.181 Thread 0x00007faa74005750 DEOPT UNPACKING pc=0x00007faab3505325 sp=0x00007faa7a2fd768 mode 0
Event: 188.716 Thread 0x00007faa74005750 DEOPT PACKING pc=0x00007faab4968dec sp=0x00007faa7a2fdb20
Event: 188.716 Thread 0x00007faa74005750 DEOPT UNPACKING pc=0x00007faab3505325 sp=0x00007faa7a2fd000 mode 0
Event: 212.782 Thread 0x00007faa08050ee0 Uncommon trap: trap_request=0xffffffed fr.pc=0x00007faabb109131 relative=0x0000000000000a31
Event: 212.782 Thread 0x00007faa08050ee0 Uncommon trap: reason=null_assert_or_unreached0 action=reinterpret pc=0x00007faabb109131 method=org.eclipse.jdt.internal.compiler.parser.diagnose.DiagnoseParser.parseCheck([IIII)I @ 119 jvmci
Event: 212.782 Thread 0x00007faa08050ee0 DEOPT PACKING pc=0x00007faabb109131 sp=0x00007faa7a8fd880
Event: 212.782 Thread 0x00007faa08050ee0 DEOPT UNPACKING pc=0x00007faab3505325 sp=0x00007faa7a8fcd68 mode 3
Event: 525.801 Thread 0x00007faa08050ee0 Uncommon trap: trap_request=0xffffff8f fr.pc=0x00007faabb0ccb37 relative=0x00000000000009f7
Event: 525.801 Thread 0x00007faa08050ee0 Uncommon trap: reason=constraint action=none pc=0x00007faabb0ccb37 method=java.util.Hashtable.addEntry(ILjava/lang/Object;Ljava/lang/Object;I)V @ 42 jvmci
Event: 525.801 Thread 0x00007faa08050ee0 DEOPT PACKING pc=0x00007faabb0ccb37 sp=0x00007faa7a8fe240
Event: 525.801 Thread 0x00007faa08050ee0 DEOPT UNPACKING pc=0x00007faab3505325 sp=0x00007faa7a8fd668 mode 3

Classes unloaded (20 events):
Event: 158.409 Thread 0x00007faacc0a1c10 Unloading class 0x0000000801146400 'jdk/internal/reflect/GeneratedSerializationConstructorAccessor9'
Event: 158.409 Thread 0x00007faacc0a1c10 Unloading class 0x0000000801146000 'jdk/internal/reflect/GeneratedSerializationConstructorAccessor8'
Event: 158.409 Thread 0x00007faacc0a1c10 Unloading class 0x00000008010c0800 'jdk/internal/reflect/GeneratedMethodAccessor10'
Event: 158.409 Thread 0x00007faacc0a1c10 Unloading class 0x00000008010c0400 'jdk/internal/reflect/GeneratedMethodAccessor9'
Event: 158.409 Thread 0x00007faacc0a1c10 Unloading class 0x00000008010b9c00 'jdk/internal/reflect/GeneratedMethodAccessor7'
Event: 158.409 Thread 0x00007faacc0a1c10 Unloading class 0x000000080109a400 'jdk/internal/reflect/GeneratedSerializationConstructorAccessor2'
Event: 158.409 Thread 0x00007faacc0a1c10 Unloading class 0x000000080109a000 'jdk/internal/reflect/GeneratedSerializationConstructorAccessor1'
Event: 173.813 Thread 0x00007faacc0a1c10 Unloading class 0x0000000801147400 'jdk/internal/reflect/GeneratedMethodAccessor12'
Event: 180.491 Thread 0x00007faacc0a1c10 Unloading class 0x0000000801061800 'java/lang/invoke/LambdaForm$MH+0x0000000801061800'
Event: 180.491 Thread 0x00007faacc0a1c10 Unloading class 0x0000000801061400 'java/lang/invoke/LambdaForm$MH+0x0000000801061400'
Event: 180.491 Thread 0x00007faacc0a1c10 Unloading class 0x0000000801061000 'java/lang/invoke/LambdaForm$MH+0x0000000801061000'
Event: 180.491 Thread 0x00007faacc0a1c10 Unloading class 0x0000000801060c00 'java/lang/invoke/LambdaForm$MH+0x0000000801060c00'
Event: 180.491 Thread 0x00007faacc0a1c10 Unloading class 0x0000000801060800 'java/lang/invoke/LambdaForm$MH+0x0000000801060800'
Event: 180.491 Thread 0x00007faacc0a1c10 Unloading class 0x0000000801060400 'java/lang/invoke/LambdaForm$MH+0x0000000801060400'
Event: 180.491 Thread 0x00007faacc0a1c10 Unloading class 0x0000000800d98400 'java/lang/invoke/LambdaForm$MH+0x0000000800d98400'
Event: 182.483 Thread 0x00007faacc0a1c10 Unloading class 0x0000000801147000 'jdk/internal/reflect/GeneratedMethodAccessor11'
Event: 186.379 Thread 0x00007faacc0a1c10 Unloading class 0x00000008011dc000 'jdk/internal/reflect/GeneratedMethodAccessor15'
Event: 186.379 Thread 0x00007faacc0a1c10 Unloading class 0x00000008010c0000 'jdk/internal/reflect/GeneratedMethodAccessor8'
Event: 257.227 Thread 0x00007faacc0a1c10 Unloading class 0x000000080128c000 'jdk/internal/reflect/GeneratedConstructorAccessor44'
Event: 325.021 Thread 0x00007faacc0a1c10 Unloading class 0x000000080117c000 'jdk/internal/reflect/GeneratedConstructorAccessor37'

Classes redefined (0 events):
No events

Internal exceptions (20 events):
Event: 71.996 Thread 0x00007faa40074410 Exception <a 'java/lang/ArrayIndexOutOfBoundsException'{0x00000000f82d7930}> (0x00000000f82d7930) 
thrown [src/hotspot/share/runtime/sharedRuntime.cpp, line 628]
Event: 71.996 Thread 0x00007faa40074410 Exception <a 'java/lang/ArrayIndexOutOfBoundsException'{0x00000000f82d7c50}> (0x00000000f82d7c50) 
thrown [src/hotspot/share/runtime/sharedRuntime.cpp, line 628]
Event: 72.003 Thread 0x00007faa40074410 Exception <a 'java/lang/ArrayIndexOutOfBoundsException'{0x00000000f82ec080}> (0x00000000f82ec080) 
thrown [src/hotspot/share/runtime/sharedRuntime.cpp, line 628]
Event: 74.993 Thread 0x00007faa40074410 Exception <a 'java/lang/ArrayIndexOutOfBoundsException'{0x00000000f89c9f88}> (0x00000000f89c9f88) 
thrown [src/hotspot/share/runtime/sharedRuntime.cpp, line 628]
Event: 74.993 Thread 0x00007faa40074410 Exception <a 'java/lang/ArrayIndexOutOfBoundsException'{0x00000000f89ca2f0}> (0x00000000f89ca2f0) 
thrown [src/hotspot/share/runtime/sharedRuntime.cpp, line 628]
Event: 74.993 Thread 0x00007faa40074410 Exception <a 'java/lang/ArrayIndexOutOfBoundsException'{0x00000000f89ca610}> (0x00000000f89ca610) 
thrown [src/hotspot/share/runtime/sharedRuntime.cpp, line 628]
Event: 75.006 Thread 0x00007faa40074410 Exception <a 'java/lang/ArrayIndexOutOfBoundsException'{0x00000000f89dea98}> (0x00000000f89dea98) 
thrown [src/hotspot/share/runtime/sharedRuntime.cpp, line 628]
Event: 80.396 Thread 0x00007faa40074410 Exception <a 'java/lang/ArrayIndexOutOfBoundsException'{0x00000000f8a4bbd0}> (0x00000000f8a4bbd0) 
thrown [src/hotspot/share/runtime/sharedRuntime.cpp, line 628]
Event: 80.396 Thread 0x00007faa40074410 Exception <a 'java/lang/ArrayIndexOutOfBoundsException'{0x00000000f8a4bf38}> (0x00000000f8a4bf38) 
thrown [src/hotspot/share/runtime/sharedRuntime.cpp, line 628]
Event: 80.396 Thread 0x00007faa40074410 Exception <a 'java/lang/ArrayIndexOutOfBoundsException'{0x00000000f8a4c258}> (0x00000000f8a4c258) 
thrown [src/hotspot/share/runtime/sharedRuntime.cpp, line 628]
Event: 80.397 Thread 0x00007faa40074410 Exception <a 'java/lang/ArrayIndexOutOfBoundsException'{0x00000000f8a60750}> (0x00000000f8a60750) 
thrown [src/hotspot/share/runtime/sharedRuntime.cpp, line 628]
Event: 161.216 Thread 0x00007faa40074ff0 Exception <a 'java/lang/ArrayIndexOutOfBoundsException'{0x00000000f89bb2e0}> (0x00000000f89bb2e0) 
thrown [src/hotspot/share/runtime/sharedRuntime.cpp, line 628]
Event: 161.216 Thread 0x00007faa40074ff0 Exception <a 'java/lang/ArrayIndexOutOfBoundsException'{0x00000000f89bb648}> (0x00000000f89bb648) 
thrown [src/hotspot/share/runtime/sharedRuntime.cpp, line 628]
Event: 161.216 Thread 0x00007faa40074ff0 Exception <a 'java/lang/ArrayIndexOutOfBoundsException'{0x00000000f89bb9b0}> (0x00000000f89bb9b0) 
thrown [src/hotspot/share/runtime/sharedRuntime.cpp, line 628]
Event: 161.219 Thread 0x00007faa40074ff0 Exception <a 'java/lang/ArrayIndexOutOfBoundsException'{0x00000000f89d1140}> (0x00000000f89d1140) 
thrown [src/hotspot/share/runtime/sharedRuntime.cpp, line 628]
Event: 161.219 Thread 0x00007faa40074ff0 Exception <a 'java/lang/ArrayIndexOutOfBoundsException'{0x00000000f89d2428}> (0x00000000f89d2428) 
thrown [src/hotspot/share/runtime/sharedRuntime.cpp, line 628]
Event: 161.219 Thread 0x00007faa40074ff0 Exception <a 'java/lang/ArrayIndexOutOfBoundsException'{0x00000000f89d2748}> (0x00000000f89d2748) 
thrown [src/hotspot/share/runtime/sharedRuntime.cpp, line 628]
Event: 522.823 Thread 0x00007faa08050ee0 Exception <a 'java/lang/OutOfMemoryError'{0x00000000e00048c0}> (0x00000000e00048c0) 
thrown [src/hotspot/share/gc/shared/memAllocator.cpp, line 138]
Event: 525.801 Thread 0x00007faa08050ee0 Implicit null exception at 0x00007faabb0cc721 to 0x00007faabb0ccb1c
Event: 525.801 Thread 0x00007faacc0b21e0 Exception <a 'java/lang/OutOfMemoryError'{0x00000000e0004320}> (0x00000000e0004320) 
thrown [src/hotspot/share/gc/shared/memAllocator.cpp, line 136]

VM Operations (20 events):
Event: 507.293 Executing VM operation: ParallelGCFailedAllocation
Event: 508.845 Executing VM operation: ParallelGCFailedAllocation done
Event: 508.845 Executing VM operation: ParallelGCFailedAllocation
Event: 510.412 Executing VM operation: ParallelGCFailedAllocation done
Event: 510.412 Executing VM operation: ParallelGCFailedAllocation
Event: 512.059 Executing VM operation: ParallelGCFailedAllocation done
Event: 512.063 Executing VM operation: ParallelGCFailedAllocation
Event: 513.719 Executing VM operation: ParallelGCFailedAllocation done
Event: 513.719 Executing VM operation: ParallelGCFailedAllocation
Event: 515.342 Executing VM operation: ParallelGCFailedAllocation done
Event: 515.342 Executing VM operation: ParallelGCFailedAllocation
Event: 516.940 Executing VM operation: ParallelGCFailedAllocation done
Event: 516.940 Executing VM operation: ParallelGCFailedAllocation
Event: 518.691 Executing VM operation: ParallelGCFailedAllocation done
Event: 518.691 Executing VM operation: ParallelGCFailedAllocation
Event: 520.027 Executing VM operation: ParallelGCFailedAllocation done
Event: 520.027 Executing VM operation: ParallelGCFailedAllocation
Event: 522.823 Executing VM operation: ParallelGCFailedAllocation done
Event: 522.823 Executing VM operation: ParallelGCFailedAllocation
Event: 525.801 Executing VM operation: ParallelGCFailedAllocation done

Events (20 events):
Event: 153.892 Thread 0x00007faa500e7e80 Thread exited: 0x00007faa500e7e80
Event: 153.892 Thread 0x00007faa50043c10 Thread exited: 0x00007faa50043c10
Event: 153.893 Thread 0x00007faa683049a0 Thread exited: 0x00007faa683049a0
Event: 153.979 Thread 0x00007faa4c0010d0 Thread exited: 0x00007faa4c0010d0
Event: 154.081 Thread 0x00007faa40074a70 Thread added: 0x00007faa40074a70
Event: 154.082 Protecting memory [0x00007faa7a700000,0x00007faa7a704000] with protection modes 0
Event: 157.098 Thread 0x00007faa08050960 Thread added: 0x00007faa08050960
Event: 157.100 Protecting memory [0x00007faa7a900000,0x00007faa7a904000] with protection modes 0
Event: 159.195 Thread 0x00007faa40074ff0 Thread added: 0x00007faa40074ff0
Event: 159.195 Protecting memory [0x00007faa7a800000,0x00007faa7a804000] with protection modes 0
Event: 183.379 Thread 0x00007faa40074ff0 Thread exited: 0x00007faa40074ff0
Event: 190.585 Thread 0x00007faacc0b4b40 flushing nmethod 0x00007faab4aa5990
Event: 195.583 Thread 0x00007faa08050ee0 Thread added: 0x00007faa08050ee0
Event: 195.586 Protecting memory [0x00007faa7a800000,0x00007faa7a804000] with protection modes 0
Event: 199.881 Thread 0x00007faa100073e0 Thread added: 0x00007faa100073e0
Event: 199.882 Protecting memory [0x00007faa79900000,0x00007faa79904000] with protection modes 0
Event: 282.592 Thread 0x00007faa100073e0 Thread exited: 0x00007faa100073e0
Event: 389.681 Thread 0x00007faa3842a730 Thread exited: 0x00007faa3842a730
Event: 389.681 Thread 0x00007faa54003c90 Thread exited: 0x00007faa54003c90
Event: 480.313 Thread 0x00007faa3842adc0 Thread exited: 0x00007faa3842adc0


Dynamic libraries:
e0000000-f5580000 rw-p 00000000 00:00 0 
f5580000-fc780000 rw-p 00000000 00:00 0 
fc780000-100000000 ---p 00000000 00:00 0 
800000000-800449000 rw-p 00001000 00:10b1 4611686019135357769            /nix/store/gpxl5qgg8kicmcvivwmybwjlpf7wh20l-graalvm17-ce-22.3.0/lib/server/classes.jsa
800449000-800bc8000 r--p 0044a000 00:10b1 4611686019135357769            /nix/store/gpxl5qgg8kicmcvivwmybwjlpf7wh20l-graalvm17-ce-22.3.0/lib/server/classes.jsa
800bc8000-800c00000 ---p 00000000 00:00 0 
800c00000-800c20000 rw-p 00000000 00:00 0 
800c20000-800c40000 rw-p 00000000 00:00 0 
800c40000-800cc0000 rw-p 00000000 00:00 0 
800cc0000-800d00000 rw-p 00000000 00:00 0 
800d00000-800dc0000 rw-p 00000000 00:00 0 
800dc0000-800e00000 rw-p 00000000 00:00 0 
800e00000-800f40000 rw-p 00000000 00:00 0 
800f40000-800fc0000 rw-p 00000000 00:00 0 
800fc0000-801000000 rw-p 00000000 00:00 0 
801000000-801290000 rw-p 00000000 00:00 0 
801290000-840c00000 ---p 00000000 00:00 0 
5574641a4000-5574641a5000 r-xp 00000000 00:10b1 4611686019099417844      /nix/store/gpxl5qgg8kicmcvivwmybwjlpf7wh20l-graalvm17-ce-22.3.0/bin/.java-wrapped
5574641a6000-5574641a7000 r--p 00001000 00:10b1 4611686019099417844      /nix/store/gpxl5qgg8kicmcvivwmybwjlpf7wh20l-graalvm17-ce-22.3.0/bin/.java-wrapped
5574641a7000-5574641a8000 rw-p 00002000 00:10b1 4611686019099417844      /nix/store/gpxl5qgg8kicmcvivwmybwjlpf7wh20l-graalvm17-ce-22.3.0/bin/.java-wrapped
5574641a8000-5574641a9000 rw-p 00004000 00:10b1 4611686019099417844      /nix/store/gpxl5qgg8kicmcvivwmybwjlpf7wh20l-graalvm17-ce-22.3.0/bin/.java-wrapped
5574641a9000-5574641aa000 rw-p 00005000 00:10b1 4611686019099417844      /nix/store/gpxl5qgg8kicmcvivwmybwjlpf7wh20l-graalvm17-ce-22.3.0/bin/.java-wrapped
557465b89000-557465bd1000 rw-p 00000000 00:00 0                          [heap]
7fa9fc000000-7fa9fc021000 rw-p 00000000 00:00 0 
7fa9fc021000-7faa00000000 ---p 00000000 00:00 0 
7faa00000000-7faa00021000 rw-p 00000000 00:00 0 
7faa00021000-7faa04000000 ---p 00000000 00:00 0 
7faa04000000-7faa04131000 rw-p 00000000 00:00 0 
7faa04131000-7faa08000000 ---p 00000000 00:00 0 
7faa08000000-7faa080c6000 rw-p 00000000 00:00 0 
7faa080c6000-7faa0c000000 ---p 00000000 00:00 0 
7faa0c000000-7faa0c021000 rw-p 00000000 00:00 0 
7faa0c021000-7faa10000000 ---p 00000000 00:00 0 
7faa10000000-7faa10035000 rw-p 00000000 00:00 0 
7faa10035000-7faa14000000 ---p 00000000 00:00 0 
7faa14000000-7faa14021000 rw-p 00000000 00:00 0 
7faa14021000-7faa18000000 ---p 00000000 00:00 0 
7faa18000000-7faa18021000 rw-p 00000000 00:00 0 
7faa18021000-7faa1c000000 ---p 00000000 00:00 0 
7faa1c000000-7faa1c021000 rw-p 00000000 00:00 0 
7faa1c021000-7faa20000000 ---p 00000000 00:00 0 
7faa224b3000-7faa2c000000 r--s 00000000 00:10b1 4611686019135192581      /nix/store/gpxl5qgg8kicmcvivwmybwjlpf7wh20l-graalvm17-ce-22.3.0/lib/modules
7faa2c000000-7faa2c07f000 rw-p 00000000 00:00 0 
7faa2c07f000-7faa30000000 ---p 00000000 00:00 0 
7faa33000000-7faa335c0000 rw-p 00000000 00:00 0 
7faa335c0000-7faa33600000 rw-p 00000000 00:00 0 
7faa33600000-7faa33800000 rw-p 00000000 00:00 0 
7faa33800000-7faa33900000 rw-p 00000000 00:00 0 
7faa33900000-7faa33a00000 rw-p 00000000 00:00 0 
7faa33a00000-7faa34000000 rw-p 00000000 00:00 0 
7faa34000000-7faa340f5000 rw-p 00000000 00:00 0 
7faa340f5000-7faa38000000 ---p 00000000 00:00 0 
7faa38000000-7faa38517000 rw-p 00000000 00:00 0 
7faa38517000-7faa3c000000 ---p 00000000 00:00 0 
7faa3c000000-7faa3c021000 rw-p 00000000 00:00 0 
7faa3c021000-7faa40000000 ---p 00000000 00:00 0 
7faa40000000-7faa4013c000 rw-p 00000000 00:00 0 
7faa4013c000-7faa44000000 ---p 00000000 00:00 0 
7faa44000000-7faa440da000 rw-p 00000000 00:00 0 
7faa440da000-7faa48000000 ---p 00000000 00:00 0 
7faa48000000-7faa48021000 rw-p 00000000 00:00 0 
7faa48021000-7faa4c000000 ---p 00000000 00:00 0 
7faa4c000000-7faa4c336000 rw-p 00000000 00:00 0 
7faa4c336000-7faa50000000 ---p 00000000 00:00 0 
7faa50000000-7faa50116000 rw-p 00000000 00:00 0 
7faa50116000-7faa54000000 ---p 00000000 00:00 0 
7faa54000000-7faa54021000 rw-p 00000000 00:00 0 
7faa54021000-7faa58000000 ---p 00000000 00:00 0 
7faa58000000-7faa58021000 rw-p 00000000 00:00 0 
7faa58021000-7faa5c000000 ---p 00000000 00:00 0 
7faa5c000000-7faa5c026000 rw-p 00000000 00:00 0 
7faa5c026000-7faa60000000 ---p 00000000 00:00 0 
7faa60000000-7faa60021000 rw-p 00000000 00:00 0 
7faa60021000-7faa64000000 ---p 00000000 00:00 0 
7faa64000000-7faa64021000 rw-p 00000000 00:00 0 
7faa64021000-7faa68000000 ---p 00000000 00:00 0 
7faa68000000-7faa688bc000 rw-p 00000000 00:00 0 
7faa688bc000-7faa6c000000 ---p 00000000 00:00 0 
7faa6c000000-7faa6c021000 rw-p 00000000 00:00 0 
7faa6c021000-7faa70000000 ---p 00000000 00:00 0 
7faa70000000-7faa70040000 rw-p 00000000 00:00 0 
7faa70040000-7faa70100000 ---p 00000000 00:00 0 
7faa70100000-7faa70110000 rw-p 00000000 00:00 0 
7faa70110000-7faa70800000 ---p 00000000 00:00 0 
7faa70800000-7faa70b80000 rw-p 00000000 00:00 0 
7faa70b80000-7faa70c00000 rw-p 00000000 00:00 0 
7faa70c00000-7faa71000000 rw-p 00000000 00:00 0 
7faa71000000-7faa71100000 rw-p 00000000 00:00 0 
7faa71100000-7faa71300000 rw-p 00000000 00:00 0 
7faa71300000-7faa71500000 rw-p 00000000 00:00 0 
7faa71500000-7faa71600000 rw-p 00000000 00:00 0 
7faa71600000-7faa71800000 rw-p 00000000 00:00 0 
7faa71800000-7faa71900000 rw-p 00000000 00:00 0 
7faa71900000-7faa71a00000 rw-p 00000000 00:00 0 
7faa71a00000-7faa71f00000 rw-p 00000000 00:00 0 
7faa71f00000-7faa72000000 rw-p 00000000 00:00 0 
7faa72000000-7faa72100000 rw-p 00000000 00:00 0 
7faa72100000-7faa72200000 rw-p 00000000 00:00 0 
7faa72200000-7faa72500000 rw-p 00000000 00:00 0 
7faa72500000-7faa72600000 rw-p 00000000 00:00 0 
7faa72600000-7faa72800000 rw-p 00000000 00:00 0 
7faa73c00000-7faa73c10000 r-xp 00000000 00:10ab 353                      /home/runner/.cache/jdt-language-server/config/org.eclipse.equinox.launcher/org.eclipse.equinox.launcher.gtk.linux.x86_64_1.2.400.v20211117-0650/eclipse_11600.so
7faa73c10000-7faa73e0f000 ---p 00010000 00:10ab 353                      /home/runner/.cache/jdt-language-server/config/org.eclipse.equinox.launcher/org.eclipse.equinox.launcher.gtk.linux.x86_64_1.2.400.v20211117-0650/eclipse_11600.so
7faa73e0f000-7faa73e10000 r--p 0000f000 00:10ab 353                      /home/runner/.cache/jdt-language-server/config/org.eclipse.equinox.launcher/org.eclipse.equinox.launcher.gtk.linux.x86_64_1.2.400.v20211117-0650/eclipse_11600.so
7faa73e10000-7faa73e11000 rw-p 00010000 00:10ab 353                      /home/runner/.cache/jdt-language-server/config/org.eclipse.equinox.launcher/org.eclipse.equinox.launcher.gtk.linux.x86_64_1.2.400.v20211117-0650/eclipse_11600.so
7faa74000000-7faa74021000 rw-p 00000000 00:00 0 
7faa74021000-7faa78000000 ---p 00000000 00:00 0 
7faa78700000-7faa78800000 ---p 00000000 00:00 0 
7faa78800000-7faa78daf000 r--p 01122000 00:10b1 4611686019135190040      /nix/store/gpxl5qgg8kicmcvivwmybwjlpf7wh20l-graalvm17-ce-22.3.0/lib/libjvmcicompiler.so
7faa78daf000-7faa78f00000 r--p 00000000 00:00 0 
7faa78f00000-7faa78f3d000 rw-p 00000000 00:00 0 
7faa78f3d000-7faa7945d000 rw-p 0185f000 00:10b1 4611686019135190040      /nix/store/gpxl5qgg8kicmcvivwmybwjlpf7wh20l-graalvm17-ce-22.3.0/lib/libjvmcicompiler.so
7faa7945d000-7faa79844000 r--p 01d7f000 00:10b1 4611686019135190040      /nix/store/gpxl5qgg8kicmcvivwmybwjlpf7wh20l-graalvm17-ce-22.3.0/lib/libjvmcicompiler.so
7faa79900000-7faa79904000 ---p 00000000 00:00 0 
7faa79904000-7faa79a00000 rw-p 00000000 00:00 0 
7faa79a00000-7faa79a04000 ---p 00000000 00:00 0 
7faa79a04000-7faa79b00000 rw-p 00000000 00:00 0 
7faa79b00000-7faa79b04000 ---p 00000000 00:00 0 
7faa79b04000-7faa79c00000 rw-p 00000000 00:00 0 
7faa79c00000-7faa79c04000 ---p 00000000 00:00 0 
7faa79c04000-7faa79d00000 rw-p 00000000 00:00 0 
7faa79d00000-7faa79d04000 ---p 00000000 00:00 0 
7faa79d04000-7faa79e00000 rw-p 00000000 00:00 0 
7faa79e00000-7faa79e04000 ---p 00000000 00:00 0 
7faa79e04000-7faa79f00000 rw-p 00000000 00:00 0 
7faa79f00000-7faa79f04000 ---p 00000000 00:00 0 
7faa79f04000-7faa7a000000 rw-p 00000000 00:00 0 
7faa7a100000-7faa7a104000 ---p 00000000 00:00 0 
7faa7a104000-7faa7a200000 rw-p 00000000 00:00 0 
7faa7a200000-7faa7a204000 ---p 00000000 00:00 0 
7faa7a204000-7faa7a300000 rw-p 00000000 00:00 0 
7faa7a300000-7faa7a304000 ---p 00000000 00:00 0 
7faa7a304000-7faa7a400000 rw-p 00000000 00:00 0 
7faa7a500000-7faa7a504000 ---p 00000000 00:00 0 
7faa7a504000-7faa7a600000 rw-p 00000000 00:00 0 
7faa7a600000-7faa7a604000 ---p 00000000 00:00 0 
7faa7a604000-7faa7a700000 rw-p 00000000 00:00 0 
7faa7a700000-7faa7a704000 ---p 00000000 00:00 0 
7faa7a704000-7faa7a800000 rw-p 00000000 00:00 0 
7faa7a800000-7faa7a804000 ---p 00000000 00:00 0 
7faa7a804000-7faa7a900000 rw-p 00000000 00:00 0 
7faa7a900000-7faa7a904000 ---p 00000000 00:00 0 
7faa7a904000-7faa7aa00000 rw-p 00000000 00:00 0 
7faa7aa00000-7faa7aa04000 ---p 00000000 00:00 0 
7faa7aa04000-7faa7ab00000 rw-p 00000000 00:00 0 
7faa7ab00000-7faa7ab04000 ---p 00000000 00:00 0 
7faa7ab04000-7faa7ac00000 rw-p 00000000 00:00 0 
7faa7ac00000-7faa7ac04000 ---p 00000000 00:00 0 
7faa7ac04000-7faa7ad00000 rw-p 00000000 00:00 0 
7faa7ad00000-7faa7ad04000 ---p 00000000 00:00 0 
7faa7ad04000-7faa7ae00000 rw-p 00000000 00:00 0 
7faa7ba68000-7faa7bf00000 rw-p 00000000 00:00 0 
7faa7c000000-7faa7c021000 rw-p 00000000 00:00 0 
7faa7c021000-7faa80000000 ---p 00000000 00:00 0 
7faa80000000-7faa80021000 rw-p 00000000 00:00 0 
7faa80021000-7faa84000000 ---p 00000000 00:00 0 
7faa84000000-7faa84059000 rw-p 00000000 00:00 0 
7faa84059000-7faa88000000 ---p 00000000 00:00 0 
7faa88000000-7faa88021000 rw-p 00000000 00:00 0 
7faa88021000-7faa8c000000 ---p 00000000 00:00 0 
7faa8c000000-7faa8c0c8000 rw-p 00000000 00:00 0 
7faa8c0c8000-7faa90000000 ---p 00000000 00:00 0 
7faa90000000-7faa90aba000 rw-p 00000000 00:00 0 
7faa90aba000-7faa94000000 ---p 00000000 00:00 0 
7faa94000000-7faa94021000 rw-p 00000000 00:00 0 
7faa94021000-7faa98000000 ---p 00000000 00:00 0 
7faa98000000-7faa98021000 rw-p 00000000 00:00 0 
7faa98021000-7faa9c000000 ---p 00000000 00:00 0 
7faa9c000000-7faa9c021000 rw-p 00000000 00:00 0 
7faa9c021000-7faaa0000000 ---p 00000000 00:00 0 
7faaa0000000-7faaa0021000 rw-p 00000000 00:00 0 
7faaa0021000-7faaa4000000 ---p 00000000 00:00 0 
7faaa4000000-7faaa4021000 rw-p 00000000 00:00 0 
7faaa4021000-7faaa8000000 ---p 00000000 00:00 0 
7faaa8000000-7faaa8021000 rw-p 00000000 00:00 0 
7faaa8021000-7faaac000000 ---p 00000000 00:00 0 
7faaac000000-7faaac063000 rw-p 00000000 00:00 0 
7faaac063000-7faab0004000 ---p 00000000 00:00 0 
7faab0004000-7faab0100000 rw-p 00000000 00:00 0 
7faab0100000-7faab0104000 ---p 00000000 00:00 0 
7faab0104000-7faab0200000 rw-p 00000000 00:00 0 
7faab0200000-7faab0204000 ---p 00000000 00:00 0 
7faab0204000-7faab0300000 rw-p 00000000 00:00 0 
7faab0300000-7faab0304000 ---p 00000000 00:00 0 
7faab0304000-7faab0400000 rw-p 00000000 00:00 0 
7faab0400000-7faab0404000 ---p 00000000 00:00 0 
7faab0404000-7faab0500000 rw-p 00000000 00:00 0 
7faab0500000-7faab0504000 ---p 00000000 00:00 0 
7faab0504000-7faab0600000 rw-p 00000000 00:00 0 
7faab0700000-7faab0704000 ---p 00000000 00:00 0 
7faab0704000-7faab0800000 rw-p 00000000 00:00 0 
7faab0800000-7faab296a000 r-xp 00000000 00:10b1 4611686019135190040      /nix/store/gpxl5qgg8kicmcvivwmybwjlpf7wh20l-graalvm17-ce-22.3.0/lib/libjvmcicompiler.so
7faab296a000-7faab2b69000 ---p 0216a000 00:10b1 4611686019135190040      /nix/store/gpxl5qgg8kicmcvivwmybwjlpf7wh20l-graalvm17-ce-22.3.0/lib/libjvmcicompiler.so
7faab2b69000-7faab2b6a000 r--p 02169000 00:10b1 4611686019135190040      /nix/store/gpxl5qgg8kicmcvivwmybwjlpf7wh20l-graalvm17-ce-22.3.0/lib/libjvmcicompiler.so
7faab2b6a000-7faab2b6c000 rw-p 0216a000 00:10b1 4611686019135190040      /nix/store/gpxl5qgg8kicmcvivwmybwjlpf7wh20l-graalvm17-ce-22.3.0/lib/libjvmcicompiler.so
7faab2b6c000-7faab2b6d000 rw-p 00000000 00:00 0 
7faab2b6d000-7faab2b72000 rw-p 023c3000 00:10b1 4611686019135190040      /nix/store/gpxl5qgg8kicmcvivwmybwjlpf7wh20l-graalvm17-ce-22.3.0/lib/libjvmcicompiler.so
7faab2bb1000-7faab2bb2000 ---p 00000000 00:00 0 
7faab2bb2000-7faab2cb3000 rw-p 00000000 00:00 0 
7faab2cb3000-7faab2cb7000 ---p 00000000 00:00 0 
7faab2cb7000-7faab2db3000 rw-p 00000000 00:00 0 
7faab2db3000-7faab2db7000 ---p 00000000 00:00 0 
7faab2db7000-7faab2eb3000 rw-p 00000000 00:00 0 
7faab2eb3000-7faab2eb7000 ---p 00000000 00:00 0 
7faab2eb7000-7faab2fb3000 rw-p 00000000 00:00 0 
7faab2fb3000-7faab2fb7000 ---p 00000000 00:00 0 
7faab2fb7000-7faab31b3000 rw-p 00000000 00:00 0 
7faab31b3000-7faab31b7000 ---p 00000000 00:00 0 
7faab31b7000-7faab33b3000 rw-p 00000000 00:00 0 
7faab33b3000-7faab33b7000 ---p 00000000 00:00 0 
7faab33b7000-7faab34b3000 rw-p 00000000 00:00 0 
7faab34b3000-7faab3723000 rwxp 00000000 00:00 0 
7faab3723000-7faab3a42000 ---p 00000000 00:00 0 
7faab3a42000-7faab4c92000 rwxp 00000000 00:00 0 
7faab4c92000-7faabaf7a000 ---p 00000000 00:00 0 
7faabaf7a000-7faabb24a000 rwxp 00000000 00:00 0 
7faabb24a000-7faac24b3000 ---p 00000000 00:00 0 
7faac24b3000-7faacc000000 r--s 00000000 00:10b1 4611686019135192581      /nix/store/gpxl5qgg8kicmcvivwmybwjlpf7wh20l-graalvm17-ce-22.3.0/lib/modules
7faacc000000-7faacc67c000 rw-p 00000000 00:00 0 
7faacc67c000-7faad0000000 ---p 00000000 00:00 0 
7faad0018000-7faad001c000 ---p 00000000 00:00 0 
7faad001c000-7faad0118000 rw-p 00000000 00:00 0 
7faad0118000-7faad011c000 ---p 00000000 00:00 0 
7faad011c000-7faad0218000 rw-p 00000000 00:00 0 
7faad0218000-7faad04fe000 r--p 00000000 00:eee 28444448                  /usr/lib/locale/locale-archive
7faad04fe000-7faad0502000 ---p 00000000 00:00 0 
7faad0502000-7faad05fe000 rw-p 00000000 00:00 0 
7faad05fe000-7faad0602000 ---p 00000000 00:00 0 
7faad0602000-7faad06fe000 rw-p 00000000 00:00 0 
7faad06fe000-7faad06ff000 ---p 00000000 00:00 0 
7faad06ff000-7faad0c00000 rw-p 00000000 00:00 0 
7faad0c00000-7faad0f00000 rw-p 00000000 00:00 0 
7faad0f00000-7faad1000000 rw-p 00000000 00:00 0 
7faad1082000-7faad1084000 r-xp 00000000 00:10b1 4611686019135190017      /nix/store/gpxl5qgg8kicmcvivwmybwjlpf7wh20l-graalvm17-ce-22.3.0/lib/libextnet.so
7faad1084000-7faad1085000 r--p 00001000 00:10b1 4611686019135190017      /nix/store/gpxl5qgg8kicmcvivwmybwjlpf7wh20l-graalvm17-ce-22.3.0/lib/libextnet.so
7faad1085000-7faad1086000 rw-p 00002000 00:10b1 4611686019135190017      /nix/store/gpxl5qgg8kicmcvivwmybwjlpf7wh20l-graalvm17-ce-22.3.0/lib/libextnet.so
7faad1086000-7faad1087000 rw-p 00004000 00:10b1 4611686019135190017      /nix/store/gpxl5qgg8kicmcvivwmybwjlpf7wh20l-graalvm17-ce-22.3.0/lib/libextnet.so
7faad1087000-7faad108b000 ---p 00000000 00:00 0 
7faad108b000-7faad10a9000 rw-p 00000000 00:00 0 
7faad10a9000-7faad10b0000 r-xp 00000000 00:10b1 4611686019135192580      /nix/store/gpxl5qgg8kicmcvivwmybwjlpf7wh20l-graalvm17-ce-22.3.0/lib/libzip.so
7faad10b0000-7faad10b1000 ---p 00007000 00:10b1 4611686019135192580      /nix/store/gpxl5qgg8kicmcvivwmybwjlpf7wh20l-graalvm17-ce-22.3.0/lib/libzip.so
7faad10b1000-7faad10b2000 r--p 00007000 00:10b1 4611686019135192580      /nix/store/gpxl5qgg8kicmcvivwmybwjlpf7wh20l-graalvm17-ce-22.3.0/lib/libzip.so
7faad10b2000-7faad10b3000 rw-p 00008000 00:10b1 4611686019135192580      /nix/store/gpxl5qgg8kicmcvivwmybwjlpf7wh20l-graalvm17-ce-22.3.0/lib/libzip.so
7faad10b3000-7faad10b5000 rw-p 0000b000 00:10b1 4611686019135192580      /nix/store/gpxl5qgg8kicmcvivwmybwjlpf7wh20l-graalvm17-ce-22.3.0/lib/libzip.so
7faad10b5000-7faad10ca000 r-xp 00000000 00:10b1 4611686019135192570      /nix/store/gpxl5qgg8kicmcvivwmybwjlpf7wh20l-graalvm17-ce-22.3.0/lib/libnet.so
7faad10ca000-7faad10cb000 ---p 00015000 00:10b1 4611686019135192570      /nix/store/gpxl5qgg8kicmcvivwmybwjlpf7wh20l-graalvm17-ce-22.3.0/lib/libnet.so
7faad10cb000-7faad10cc000 r--p 00015000 00:10b1 4611686019135192570      /nix/store/gpxl5qgg8kicmcvivwmybwjlpf7wh20l-graalvm17-ce-22.3.0/lib/libnet.so
7faad10cc000-7faad10cd000 rw-p 00016000 00:10b1 4611686019135192570      /nix/store/gpxl5qgg8kicmcvivwmybwjlpf7wh20l-graalvm17-ce-22.3.0/lib/libnet.so
7faad10cd000-7faad10d0000 rw-p 0001b000 00:10b1 4611686019135192570      /nix/store/gpxl5qgg8kicmcvivwmybwjlpf7wh20l-graalvm17-ce-22.3.0/lib/libnet.so
7faad10d0000-7faad10e3000 r-xp 00000000 00:10b1 4611686019135192571      /nix/store/gpxl5qgg8kicmcvivwmybwjlpf7wh20l-graalvm17-ce-22.3.0/lib/libnio.so
7faad10e3000-7faad10e4000 r--p 00012000 00:10b1 4611686019135192571      /nix/store/gpxl5qgg8kicmcvivwmybwjlpf7wh20l-graalvm17-ce-22.3.0/lib/libnio.so
7faad10e4000-7faad10e5000 rw-p 00013000 00:10b1 4611686019135192571      /nix/store/gpxl5qgg8kicmcvivwmybwjlpf7wh20l-graalvm17-ce-22.3.0/lib/libnio.so
7faad10e5000-7faad10ea000 rw-p 00019000 00:10b1 4611686019135192571      /nix/store/gpxl5qgg8kicmcvivwmybwjlpf7wh20l-graalvm17-ce-22.3.0/lib/libnio.so
7faad10ea000-7faad11b8000 r-xp 00000000 00:10b1 4611686019135190036      /nix/store/gpxl5qgg8kicmcvivwmybwjlpf7wh20l-graalvm17-ce-22.3.0/lib/libjsvml.so
7faad11b8000-7faad11b9000 r--p 000cd000 00:10b1 4611686019135190036      /nix/store/gpxl5qgg8kicmcvivwmybwjlpf7wh20l-graalvm17-ce-22.3.0/lib/libjsvml.so
7faad11b9000-7faad11ba000 rw-p 000ce000 00:10b1 4611686019135190036      /nix/store/gpxl5qgg8kicmcvivwmybwjlpf7wh20l-graalvm17-ce-22.3.0/lib/libjsvml.so
7faad11ba000-7faad2a92000 rw-p 00000000 00:00 0 
7faad2a92000-7faad2a93000 ---p 00000000 00:00 0 
7faad2a93000-7faad2c3e000 rw-p 00000000 00:00 0 
7faad2c3e000-7faad2c78000 rw-p 00000000 00:00 0 
7faad2c78000-7faad2c94000 ---p 00000000 00:00 0 
7faad2c94000-7faad2c9b000 rw-p 00000000 00:00 0 
7faad2c9b000-7faad2d80000 ---p 00000000 00:00 0 
7faad2d80000-7faad2da5000 rw-p 00000000 00:00 0 
7faad2da5000-7faad2e6b000 ---p 00000000 00:00 0 
7faad2e6b000-7faad2e70000 rw-p 00000000 00:00 0 
7faad2e70000-7faad2e77000 ---p 00000000 00:00 0 
7faad2e77000-7faad2e9b000 r-xp 00000000 00:10b1 4611686019135190028      /nix/store/gpxl5qgg8kicmcvivwmybwjlpf7wh20l-graalvm17-ce-22.3.0/lib/libjava.so
7faad2e9b000-7faad2e9c000 ---p 00024000 00:10b1 4611686019135190028      /nix/store/gpxl5qgg8kicmcvivwmybwjlpf7wh20l-graalvm17-ce-22.3.0/lib/libjava.so
7faad2e9c000-7faad2e9d000 r--p 00024000 00:10b1 4611686019135190028      /nix/store/gpxl5qgg8kicmcvivwmybwjlpf7wh20l-graalvm17-ce-22.3.0/lib/libjava.so
7faad2e9d000-7faad2e9e000 rw-p 00025000 00:10b1 4611686019135190028      /nix/store/gpxl5qgg8kicmcvivwmybwjlpf7wh20l-graalvm17-ce-22.3.0/lib/libjava.so
7faad2e9e000-7faad2e9f000 rw-p 00000000 00:00 0 
7faad2e9f000-7faad2ea6000 rw-p 0002f000 00:10b1 4611686019135190028      /nix/store/gpxl5qgg8kicmcvivwmybwjlpf7wh20l-graalvm17-ce-22.3.0/lib/libjava.so
7faad2ea6000-7faad2eae000 rw-s 00000000 00:359 350                       /tmp/hsperfdata_runner/30
7faad2eae000-7faad2eaf000 ---p 00000000 00:00 0 
7faad2eaf000-7faad2eb0000 r--p 00000000 00:00 0 
7faad2eb0000-7faad2eb1000 rwxp 00000000 00:00 0 
7faad2eb1000-7faad2ecc000 r-xp 00000000 00:10b1 4611686019135190032      /nix/store/gpxl5qgg8kicmcvivwmybwjlpf7wh20l-graalvm17-ce-22.3.0/lib/libjimage.so
7faad2ecc000-7faad2ecd000 ---p 0001b000 00:10b1 4611686019135190032      /nix/store/gpxl5qgg8kicmcvivwmybwjlpf7wh20l-graalvm17-ce-22.3.0/lib/libjimage.so
7faad2ecd000-7faad2ecf000 r--p 0001b000 00:10b1 4611686019135190032      /nix/store/gpxl5qgg8kicmcvivwmybwjlpf7wh20l-graalvm17-ce-22.3.0/lib/libjimage.so
7faad2ecf000-7faad2ed0000 rw-p 0001d000 00:10b1 4611686019135190032      /nix/store/gpxl5qgg8kicmcvivwmybwjlpf7wh20l-graalvm17-ce-22.3.0/lib/libjimage.so
7faad2ed0000-7faad2ed1000 rw-p 00024000 00:10b1 4611686019135190032      /nix/store/gpxl5qgg8kicmcvivwmybwjlpf7wh20l-graalvm17-ce-22.3.0/lib/libjimage.so
7faad2ed1000-7faad2ed5000 ---p 00000000 00:00 0 
7faad2ed5000-7faad2fd1000 rw-p 00000000 00:00 0 
7faad2fd1000-7faad2fdf000 r--p 00000000 00:10b1 4611686019027979927      /nix/store/4nlgxhb09sdr51nc9hdm8az5b08vzkgx-glibc-2.35-163/lib/libm.so.6
7faad2fdf000-7faad3052000 r-xp 0000e000 00:10b1 4611686019027979927      /nix/store/4nlgxhb09sdr51nc9hdm8az5b08vzkgx-glibc-2.35-163/lib/libm.so.6
7faad3052000-7faad30af000 r--p 00081000 00:10b1 4611686019027979927      /nix/store/4nlgxhb09sdr51nc9hdm8az5b08vzkgx-glibc-2.35-163/lib/libm.so.6
7faad30af000-7faad30b0000 r--p 000dd000 00:10b1 4611686019027979927      /nix/store/4nlgxhb09sdr51nc9hdm8az5b08vzkgx-glibc-2.35-163/lib/libm.so.6
7faad30b0000-7faad30b1000 rw-p 000de000 00:10b1 4611686019027979927      /nix/store/4nlgxhb09sdr51nc9hdm8az5b08vzkgx-glibc-2.35-163/lib/libm.so.6
7faad30b1000-7faad30b2000 r--p 00000000 00:10b1 4611686019027979946      /nix/store/4nlgxhb09sdr51nc9hdm8az5b08vzkgx-glibc-2.35-163/lib/librt.so.1
7faad30b2000-7faad30b3000 r-xp 00001000 00:10b1 4611686019027979946      /nix/store/4nlgxhb09sdr51nc9hdm8az5b08vzkgx-glibc-2.35-163/lib/librt.so.1
7faad30b3000-7faad30b4000 r--p 00002000 00:10b1 4611686019027979946      /nix/store/4nlgxhb09sdr51nc9hdm8az5b08vzkgx-glibc-2.35-163/lib/librt.so.1
7faad30b4000-7faad30b5000 r--p 00002000 00:10b1 4611686019027979946      /nix/store/4nlgxhb09sdr51nc9hdm8az5b08vzkgx-glibc-2.35-163/lib/librt.so.1
7faad30b5000-7faad30b6000 rw-p 00003000 00:10b1 4611686019027979946      /nix/store/4nlgxhb09sdr51nc9hdm8az5b08vzkgx-glibc-2.35-163/lib/librt.so.1
7faad30b6000-7faad41c9000 r-xp 00000000 00:10b1 4611686019135360866      /nix/store/gpxl5qgg8kicmcvivwmybwjlpf7wh20l-graalvm17-ce-22.3.0/lib/server/libjvm.so
7faad41c9000-7faad41ca000 ---p 01113000 00:10b1 4611686019135360866      /nix/store/gpxl5qgg8kicmcvivwmybwjlpf7wh20l-graalvm17-ce-22.3.0/lib/server/libjvm.so
7faad41ca000-7faad427f000 r--p 01113000 00:10b1 4611686019135360866      /nix/store/gpxl5qgg8kicmcvivwmybwjlpf7wh20l-graalvm17-ce-22.3.0/lib/server/libjvm.so
7faad427f000-7faad42b3000 rw-p 011c8000 00:10b1 4611686019135360866      /nix/store/gpxl5qgg8kicmcvivwmybwjlpf7wh20l-graalvm17-ce-22.3.0/lib/server/libjvm.so
7faad42b3000-7faad430f000 rw-p 00000000 00:00 0 
7faad430f000-7faad4337000 r--p 00000000 00:10b1 4611686019027979918      /nix/store/4nlgxhb09sdr51nc9hdm8az5b08vzkgx-glibc-2.35-163/lib/libc.so.6
7faad4337000-7faad44ad000 r-xp 00028000 00:10b1 4611686019027979918      /nix/store/4nlgxhb09sdr51nc9hdm8az5b08vzkgx-glibc-2.35-163/lib/libc.so.6
7faad44ad000-7faad4505000 r--p 0019e000 00:10b1 4611686019027979918      /nix/store/4nlgxhb09sdr51nc9hdm8az5b08vzkgx-glibc-2.35-163/lib/libc.so.6
7faad4505000-7faad4509000 r--p 001f6000 00:10b1 4611686019027979918      /nix/store/4nlgxhb09sdr51nc9hdm8az5b08vzkgx-glibc-2.35-163/lib/libc.so.6
7faad4509000-7faad450b000 rw-p 001fa000 00:10b1 4611686019027979918      /nix/store/4nlgxhb09sdr51nc9hdm8az5b08vzkgx-glibc-2.35-163/lib/libc.so.6
7faad450b000-7faad451a000 rw-p 00000000 00:00 0 
7faad451a000-7faad451b000 r--p 00000000 00:10b1 4611686019027979923      /nix/store/4nlgxhb09sdr51nc9hdm8az5b08vzkgx-glibc-2.35-163/lib/libdl.so.2
7faad451b000-7faad451c000 r-xp 00001000 00:10b1 4611686019027979923      /nix/store/4nlgxhb09sdr51nc9hdm8az5b08vzkgx-glibc-2.35-163/lib/libdl.so.2
7faad451c000-7faad451d000 r--p 00002000 00:10b1 4611686019027979923      /nix/store/4nlgxhb09sdr51nc9hdm8az5b08vzkgx-glibc-2.35-163/lib/libdl.so.2
7faad451d000-7faad451e000 r--p 00002000 00:10b1 4611686019027979923      /nix/store/4nlgxhb09sdr51nc9hdm8az5b08vzkgx-glibc-2.35-163/lib/libdl.so.2
7faad451e000-7faad451f000 rw-p 00003000 00:10b1 4611686019027979923      /nix/store/4nlgxhb09sdr51nc9hdm8az5b08vzkgx-glibc-2.35-163/lib/libdl.so.2
7faad451f000-7faad4520000 r--p 00000000 00:10b1 4611686019027979942      /nix/store/4nlgxhb09sdr51nc9hdm8az5b08vzkgx-glibc-2.35-163/lib/libpthread.so.0
7faad4520000-7faad4521000 r-xp 00001000 00:10b1 4611686019027979942      /nix/store/4nlgxhb09sdr51nc9hdm8az5b08vzkgx-glibc-2.35-163/lib/libpthread.so.0
7faad4521000-7faad4522000 r--p 00002000 00:10b1 4611686019027979942      /nix/store/4nlgxhb09sdr51nc9hdm8az5b08vzkgx-glibc-2.35-163/lib/libpthread.so.0
7faad4522000-7faad4523000 r--p 00002000 00:10b1 4611686019027979942      /nix/store/4nlgxhb09sdr51nc9hdm8az5b08vzkgx-glibc-2.35-163/lib/libpthread.so.0
7faad4523000-7faad4524000 rw-p 00003000 00:10b1 4611686019027979942      /nix/store/4nlgxhb09sdr51nc9hdm8az5b08vzkgx-glibc-2.35-163/lib/libpthread.so.0
7faad4524000-7faad4532000 r-xp 00000000 00:10b1 4611686019135190033      /nix/store/gpxl5qgg8kicmcvivwmybwjlpf7wh20l-graalvm17-ce-22.3.0/lib/libjli.so
7faad4532000-7faad4533000 ---p 0000e000 00:10b1 4611686019135190033      /nix/store/gpxl5qgg8kicmcvivwmybwjlpf7wh20l-graalvm17-ce-22.3.0/lib/libjli.so
7faad4533000-7faad4534000 r--p 0000e000 00:10b1 4611686019135190033      /nix/store/gpxl5qgg8kicmcvivwmybwjlpf7wh20l-graalvm17-ce-22.3.0/lib/libjli.so
7faad4534000-7faad4535000 rw-p 0000f000 00:10b1 4611686019135190033      /nix/store/gpxl5qgg8kicmcvivwmybwjlpf7wh20l-graalvm17-ce-22.3.0/lib/libjli.so
7faad4535000-7faad4536000 rw-p 00012000 00:10b1 4611686019135190033      /nix/store/gpxl5qgg8kicmcvivwmybwjlpf7wh20l-graalvm17-ce-22.3.0/lib/libjli.so
7faad4536000-7faad4539000 r--p 00000000 00:10b1 4611686019106210071      /nix/store/026hln0aq1hyshaxsdvhg0kmcm6yf45r-zlib-1.2.13/lib/libz.so.1.2.13
7faad4539000-7faad454b000 r-xp 00003000 00:10b1 4611686019106210071      /nix/store/026hln0aq1hyshaxsdvhg0kmcm6yf45r-zlib-1.2.13/lib/libz.so.1.2.13
7faad454b000-7faad4552000 r--p 00015000 00:10b1 4611686019106210071      /nix/store/026hln0aq1hyshaxsdvhg0kmcm6yf45r-zlib-1.2.13/lib/libz.so.1.2.13
7faad4552000-7faad4553000 r--p 0001b000 00:10b1 4611686019106210071      /nix/store/026hln0aq1hyshaxsdvhg0kmcm6yf45r-zlib-1.2.13/lib/libz.so.1.2.13
7faad4553000-7faad4554000 rw-p 0001c000 00:10b1 4611686019106210071      /nix/store/026hln0aq1hyshaxsdvhg0kmcm6yf45r-zlib-1.2.13/lib/libz.so.1.2.13
7faad4554000-7faad4556000 rw-p 00000000 00:00 0 
7faad4556000-7faad4558000 r--p 00000000 00:10b1 4611686019027979912      /nix/store/4nlgxhb09sdr51nc9hdm8az5b08vzkgx-glibc-2.35-163/lib/ld-linux-x86-64.so.2
7faad4558000-7faad457f000 r-xp 00002000 00:10b1 4611686019027979912      /nix/store/4nlgxhb09sdr51nc9hdm8az5b08vzkgx-glibc-2.35-163/lib/ld-linux-x86-64.so.2
7faad457f000-7faad458b000 r--p 00029000 00:10b1 4611686019027979912      /nix/store/4nlgxhb09sdr51nc9hdm8az5b08vzkgx-glibc-2.35-163/lib/ld-linux-x86-64.so.2
7faad458b000-7faad458d000 r--p 00034000 00:10b1 4611686019027979912      /nix/store/4nlgxhb09sdr51nc9hdm8az5b08vzkgx-glibc-2.35-163/lib/ld-linux-x86-64.so.2
7faad458d000-7faad458f000 rw-p 00036000 00:10b1 4611686019027979912      /nix/store/4nlgxhb09sdr51nc9hdm8az5b08vzkgx-glibc-2.35-163/lib/ld-linux-x86-64.so.2
7ffd6664c000-7ffd66670000 rw-p 00000000 00:00 0                          [stack]
7ffd666fb000-7ffd666ff000 r--p 00000000 00:00 0                          [vvar]
7ffd666ff000-7ffd66701000 r-xp 00000000 00:00 0                          [vdso]
ffffffffff600000-ffffffffff601000 --xp 00000000 00:00 0                  [vsyscall]


VM Arguments:
jvm_args: -XX:ThreadPriorityPolicy=1 -XX:+UnlockExperimentalVMOptions -XX:+EnableJVMCIProduct -XX:JVMCIThreadsPerNativeLibraryRuntime=1 -XX:-UnlockExperimentalVMOptions -Declipse.application=org.eclipse.jdt.ls.core.id1 -Dosgi.bundles.defaultStartLevel=4 -Declipse.product=org.eclipse.jdt.ls.core.product -Dlog.level=ALL -Xverify:none -XX:+UseParallelGC -XX:GCTimeRatio=4 -XX:AdaptiveSizePolicyWeight=90 -Dsun.zip.disableMemoryMapping=true -Xmx512m -Xms100m 
java_command: /nix/store/m6gcpi1ii6rghy04cjwjddcavv7i90df-jdt-language-server-1.9.0/share/java/plugins/org.eclipse.equinox.launcher_1.6.400.v20210924-0641.jar --add-modules=ALL-SYSTEM --add-opens java.base/java.util=ALL-UNNAMED --add-opens java.base/java.lang=ALL-UNNAMED -configuration /home/runner/.cache/jdt-language-server/config -data /home/runner/.cache/jdt-language-server/data/home/runner/Arrays-Continued
java_class_path (initial): /nix/store/m6gcpi1ii6rghy04cjwjddcavv7i90df-jdt-language-server-1.9.0/share/java/plugins/org.eclipse.equinox.launcher_1.6.400.v20210924-0641.jar
Launcher Type: SUN_STANDARD

[Global flags]
    uintx AdaptiveSizePolicyWeight                 = 90                                        {product} {command line}
     intx CICompilerCount                          = 2                                         {product} {ergonomic}
     bool EnableJVMCIProduct                       = true                                {JVMCI product} {jimage}
    uintx GCTimeRatio                              = 4                                         {product} {command line}
   size_t InitialHeapSize                          = 104857600                                 {product} {command line}
     uint JVMCIThreadsPerNativeLibraryRuntime      = 1                                   {JVMCI product} {jimage}
   size_t MaxHeapSize                              = 536870912                                 {product} {command line}
   size_t MaxNewSize                               = 178782208                                 {product} {ergonomic}
   size_t MinHeapDeltaBytes                        = 524288                                    {product} {ergonomic}
   size_t MinHeapSize                              = 104857600                                 {product} {command line}
   size_t NewSize                                  = 34603008                                  {product} {ergonomic}
    uintx NonNMethodCodeHeapSize                   = 5826188                                {pd product} {ergonomic}
    uintx NonProfiledCodeHeapSize                  = 122916026                              {pd product} {ergonomic}
   size_t OldSize                                  = 70254592                                  {product} {ergonomic}
    uintx ProfiledCodeHeapSize                     = 122916026                              {pd product} {ergonomic}
    uintx ReservedCodeCacheSize                    = 251658240                              {pd product} {ergonomic}
     bool SegmentedCodeCache                       = true                                      {product} {ergonomic}
   size_t SoftMaxHeapSize                          = 536870912                              {manageable} {ergonomic}
     intx ThreadPriorityPolicy                     = 1                                         {product} {jimage}
     bool UseCompressedClassPointers               = true                           {product lp64_product} {ergonomic}
     bool UseCompressedOops                        = true                           {product lp64_product} {ergonomic}
     bool UseParallelGC                            = true                                      {product} {command line}

Logging:
Log output configuration:
 #0: stdout all=warning uptime,level,tags
 #1: stderr all=off uptime,level,tags

Environment Variables:
JAVA_HOME=/nix/store/gpxl5qgg8kicmcvivwmybwjlpf7wh20l-graalvm17-ce-22.3.0
PATH=/nix/store/1d6ian3r8kdzspw8hacjhl3xkp40g1lj-binutils-wrapper-2.39/bin:/nix/store/dq0xwmsk1g0i2ayg6pb7y87na2knzylh-gcc-wrapper-11.3.0/bin:/nix/store/bap4d0lpcrhpwmpb8ayjcgkmvfj62lnq-bash-interactive-5.1-p16/bin:/nix/store/pr5n59mb4jzmfx6kanwxly0l07p861fg-patchelf-0.15.0/bin:/nix/store/1gf2flfqnpqbr1b4p4qz2f72y42bs56r-gcc-11.3.0/bin:/nix/store/57xv61c5zi8pphjbcwxxjlgc34p61ic9-glibc-2.35-163-bin/bin:/nix/store/a7gvj343m05j2s32xcnwr35v31ynlypr-coreutils-9.1/bin:/nix/store/039g378vc3pc3dvi9dzdlrd0i4q93qwf-binutils-2.39/bin:/nix/store/gpxl5qgg8kicmcvivwmybwjlpf7wh20l-graalvm17-ce-22.3.0/bin:/nix/store/6z9ag3ihc8mq2hzsw48lhbznvzny65nz-apache-maven-3.8.6/bin:/nix/store/m6gcpi1ii6rghy04cjwjddcavv7i90df-jdt-language-server-1.9.0/bin:/nix/store/84xs5alhs01zrbr4ywm05kxbjbp5590l-java-debug/bin:/nix/store/mydc6f4k2z73xlcz7ilif3v2lcaiqvza-findutils-4.9.0/bin:/nix/store/j9p3g8472iijd50vhdprx0nmk2fqn5gv-diffutils-3.8/bin:/nix/store/89zs7rms6x00xfq4dq6m7mjnhkr8a6r4-gnused-4.8/bin:/nix/store/86bp03jkmsl6f92w0yzg4s59g5mhxwmy-gnugrep-3.7/bin:/nix/store/hwcdqw4jrjnd37wxqgsd47hd0j8bnj09-gawk-5.1.1/bin:/nix/store/cfbhw8r8ags41vwqaz47r583d0p4h4a1-gnutar-1.34/bin:/nix/store/p3m1ndl1lapwrlh698bnb5lvvxh67378-gzip-1.12/bin:/nix/store/a8mhcagrsly7c7mpjrpsnaahk4aax056-bzip2-1.0.8-bin/bin:/nix/store/mblgz65m3zv9x548a3d5m96fj2pbwr09-gnumake-4.3/bin:/nix/store/dsd5gz46hdbdk2rfdimqddhq6m8m8fqs-bash-5.1-p16/bin:/nix/store/v7ljksji50mg3w61dykaa3n3y79n6nil-patch-2.7.6/bin:/nix/store/zlcnmqq14jz5x9439jf937mvayyl63da-xz-5.2.7-bin/bin:/nix/store/y6aj732zm9m87c82fpvf103a1xb22blp-file-5.43/bin:/nix/store/sgqd0ajghcv2axfl1lad0b1alyavp0dc-prybar-elisp-0.0.0-67f7a00/bin:/nix/store/p3hsvljpgs68jqwar41lc0jqhjj734lf-prybar-lua-0.0.0-67f7a00/bin:/nix/store/qzxs2gybds3s9kb1vkaflpgm2nwr85fh-prybar-python3-0.0.0-67f7a00/bin:/nix/store/km94z9mxp8w4m8gxxp5mbfpdf3nkfvd8-prybar-sqlite-0.0.0-67f7a00/bin:/nix/store/2pnc7b76asw0z59c4l6h6qy8arwqrii1-prybar-tcl-0.0.0-67f7a00/bin:/nix/store/hpbvrlwd5viqmvcaisb3x0118i913a9n-st
LD_LIBRARY_PATH=/nix/store/a4pff549sk2idnkpzk5nsfps3mdkdnvm-cups-2.4.2-lib/lib:/nix/store/72mqxxhh3cy5yifh92wh2yb8cl2hikyy-cairo-1.16.0/lib:/nix/store/2k366jrbsra97gjfxwvrhvixjfxdach5-glib-2.74.1/lib:/nix/store/2j2znigd8ak37rlwh9khz0ry3clqlw1l-gtk+3-3.24.34/lib:/nix/store/hisqvx32cd57apbpcsnkpx6k3549wql1-libglvnd-1.4.0/lib:/nix/store/p36pgcv991mq5srvg765b78yqpxvk3qs-mesa-21.3.3-drivers/lib:/nix/store/mav4251if1ahjq5vkpwycyyvnmy459c4-pulseaudio-14.2/lib
DISPLAY=:0
LANG=en_US.UTF-8

Signal Handlers:
   SIGSEGV: crash_handler in libjvm.so, mask=11100100010111111101111111111110, flags=SA_RESTART|SA_SIGINFO
    SIGBUS: crash_handler in libjvm.so, mask=11100100010111111101111111111110, flags=SA_RESTART|SA_SIGINFO
    SIGFPE: crash_handler in libjvm.so, mask=11100100010111111101111111111110, flags=SA_RESTART|SA_SIGINFO
   SIGPIPE: IsolateEnterStub_IgnoreSIGPIPEStartupHook_noopSignalHandler_8f19bff2f35b5f630d83b364d6b2339320d4ec70_216e8361c6bc87a8f89f58cc10d3b2fd4415bf87 in libjvmcicompiler.so, mask=00000000000000000000000000000000, flags=SA_RESTART
  *** Handler was modified!
  *** Expected: javaSignalHandler in libjvm.so, mask=11100100110111111111111111111110, flags=SA_RESTART|SA_SIGINFO
   SIGXFSZ: javaSignalHandler in libjvm.so, mask=11100100010111111101111111111110, flags=SA_RESTART|SA_SIGINFO
    SIGILL: crash_handler in libjvm.so, mask=11100100010111111101111111111110, flags=SA_RESTART|SA_SIGINFO
   SIGUSR2: SR_handler in libjvm.so, mask=00000000000000000000000000000000, flags=SA_RESTART|SA_SIGINFO
    SIGHUP: UserHandler in libjvm.so, mask=11100100010111111101111111111110, flags=SA_RESTART|SA_SIGINFO
    SIGINT: UserHandler in libjvm.so, mask=11100100010111111101111111111110, flags=SA_RESTART|SA_SIGINFO
   SIGTERM: UserHandler in libjvm.so, mask=11100100010111111101111111111110, flags=SA_RESTART|SA_SIGINFO
   SIGQUIT: UserHandler in libjvm.so, mask=11100100010111111101111111111110, flags=SA_RESTART|SA_SIGINFO
  *** Handler was modified!
  *** Expected: javaSignalHandler in libjvm.so, mask=11100100110111111111111111111110, flags=SA_RESTART|SA_SIGINFO
   SIGTRAP: crash_handler in libjvm.so, mask=11100100010111111101111111111110, flags=SA_RESTART|SA_SIGINFO


---------------  S Y S T E M  ---------------

OS:
DISTRIB_ID=Ubuntu
DISTRIB_RELEASE=20.04
DISTRIB_CODENAME=focal
DISTRIB_DESCRIPTION="Ubuntu 20.04.2 LTS"
uname: Linux 5.15.0-1030-gcp #37~20.04.1-Ubuntu SMP Mon Feb 20 04:30:57 UTC 2023 x86_64
OS uptime: 0 days 6:54 hours
libc: glibc 2.35 NPTL 2.35 
rlimit (soft/hard): STACK 8192k/infinity , CORE infinity/infinity , NPROC infinity/infinity , NOFILE 5242/5242 , AS infinity/infinity , CPU infinity/infinity , DATA infinity/infinity , FSIZE infinity/infinity , MEMLOCK 64k/64k
load average: 13.13 12.81 12.37

/proc/meminfo:
MemTotal:       65852728 kB
MemFree:        18506664 kB
MemAvailable:   40792924 kB
Buffers:         2706060 kB
Cached:         18314744 kB
SwapCached:            0 kB
Active:          9971172 kB
Inactive:       32443680 kB
Active(anon):      16828 kB
Inactive(anon): 21103612 kB
Active(file):    9954344 kB
Inactive(file): 11340068 kB
Unevictable:       43312 kB
Mlocked:           43312 kB
SwapTotal:             0 kB
SwapFree:              0 kB
Dirty:              2992 kB
Writeback:             0 kB
AnonPages:      20028860 kB
Mapped:          2142644 kB
Shmem:             98256 kB
KReclaimable:    1718448 kB
Slab:            3819720 kB
SReclaimable:    1718448 kB
SUnreclaim:      2101272 kB
KernelStack:      420668 kB
PageTables:       236416 kB
NFS_Unstable:          0 kB
Bounce:                0 kB
WritebackTmp:          0 kB
CommitLimit:    32926364 kB
Committed_AS:   78970836 kB
VmallocTotal:   34359738367 kB
VmallocUsed:      468104 kB
VmallocChunk:          0 kB
Percpu:            69984 kB
HardwareCorrupted:     0 kB
AnonHugePages:   1316864 kB
ShmemHugePages:        0 kB
ShmemPmdMapped:        0 kB
FileHugePages:         0 kB
FilePmdMapped:         0 kB
HugePages_Total:       0
HugePages_Free:        0
HugePages_Rsvd:        0
HugePages_Surp:        0
Hugepagesize:       2048 kB
Hugetlb:               0 kB
DirectMap4k:     5151552 kB
DirectMap2M:    45176832 kB
DirectMap1G:    18874368 kB

/sys/kernel/mm/transparent_hugepage/enabled: always [madvise] never
/sys/kernel/mm/transparent_hugepage/defrag (defrag/compaction efforts parameter): always defer defer+madvise [madvise] never

Process Memory:
Virtual Size: 4997208K (peak: 5018428K)
Resident Set Size: 786416K (peak: 812692K) (anon: 589132K, file: 197284K, shmem: 0K)
Swapped out: 0K
C-Heap outstanding allocations: 44615K, retained: 15156K
glibc malloc tunables: (default)

/proc/sys/kernel/threads-max (system-wide limit on the number of threads): 514406
/proc/sys/vm/max_map_count (maximum number of memory map areas a process may have): 65530
/proc/sys/kernel/pid_max (system-wide limit on number of process identifiers): 4194304

container (cgroup) information:
container_type: cgroupv1
cpu_cpuset_cpus: 2-7
cpu_memory_nodes: 0
active_processor_count: 1
cpu_quota: 50000
cpu_period: 100000
cpu_shares: 512
memory_limit_in_bytes: 1048576 k
memory_and_swap_limit_in_bytes: 1048576 k
memory_soft_limit_in_bytes: 524288 k
memory_usage_in_bytes: 634220 k
memory_max_usage_in_bytes: 708328 k
maximum number of tasks: 1000
current number of tasks: 52

KVM virtualization detected
Steal ticks since vm start: 0
Steal ticks percentage since vm start:  0.000

CPU: total 8 (initial active 1) (8 cores per cpu, 2 threads per core) family 23 model 49 stepping 0 microcode 0xffffffff, cx8, cmov, fxsr, ht, mmx, 3dnowpref, sse, sse2, sse3, ssse3, sse4a, sse4.1, sse4.2, popcnt, lzcnt, tsc, tscinvbit, avx, avx2, aes, clmul, bmi1, bmi2, adx, sha, fma, vzeroupper, clflush, clflushopt, hv
CPU Model and flags from /proc/cpuinfo:
model name	: AMD EPYC 7B12
flags		: fpu vme de pse tsc msr pae mce cx8 apic sep mtrr pge mca cmov pat pse36 clflush mmx fxsr sse sse2 ht syscall nx mmxext fxsr_opt pdpe1gb rdtscp lm constant_tsc rep_good nopl nonstop_tsc cpuid extd_apicid tsc_known_freq pni pclmulqdq ssse3 fma cx16 sse4_1 sse4_2 movbe popcnt aes xsave avx f16c rdrand hypervisor lahf_lm cmp_legacy cr8_legacy abm sse4a misalignsse 3dnowprefetch osvw topoext ssbd ibrs ibpb stibp vmmcall fsgsbase tsc_adjust bmi1 avx2 smep bmi2 rdseed adx smap clflushopt clwb sha_ni xsaveopt xsavec xgetbv1 clzero xsaveerptr arat npt nrip_save umip rdpid

Online cpus: 0-7
Offline cpus: 
BIOS frequency limitation: <Not Available>
Frequency switch latency (ns): <Not Available>
Available cpu frequencies: <Not Available>
Current governor: <Not Available>
Core performance/turbo boost: <Not Available>

Memory: 4k page, physical 1048576k(414348k free), swap 0k(0k free)
Page Sizes: 4k

vm_info: OpenJDK 64-Bit Server VM (17.0.5+8-jvmci-22.3-b08) for linux-amd64 JRE (17.0.5+8-jvmci-22.3-b08), built on Oct 19 2022 09:01:27 by "buildslave" with gcc 10.3.0

END.
